2019-09-25 10:49:26.424  INFO 13248 --- [main] c.s.pollservice.PollServiceApplication   : The following profiles are active: development
2019-09-25 10:49:28.545  INFO 13248 --- [main] .s.d.r.c.RepositoryConfigurationDelegate : Multiple Spring Data modules found, entering strict repository configuration mode!
2019-09-25 10:49:28.545  INFO 13248 --- [main] .s.d.r.c.RepositoryConfigurationDelegate : Bootstrapping Spring Data repositories in DEFAULT mode.
2019-09-25 10:49:28.613  INFO 13248 --- [main] .s.d.r.c.RepositoryConfigurationDelegate : Finished Spring Data repository scanning in 63ms. Found 4 repository interfaces.
2019-09-25 10:49:28.621  INFO 13248 --- [main] .s.d.r.c.RepositoryConfigurationDelegate : Multiple Spring Data modules found, entering strict repository configuration mode!
2019-09-25 10:49:28.622  INFO 13248 --- [main] .s.d.r.c.RepositoryConfigurationDelegate : Bootstrapping Spring Data repositories in DEFAULT mode.
2019-09-25 10:49:28.638  INFO 13248 --- [main] .RepositoryConfigurationExtensionSupport : Spring Data Redis - Could not safely identify store assignment for repository candidate interface com.sms.pollservice.repository.PollRepository.
2019-09-25 10:49:28.639  INFO 13248 --- [main] .RepositoryConfigurationExtensionSupport : Spring Data Redis - Could not safely identify store assignment for repository candidate interface com.sms.pollservice.repository.RoleRepository.
2019-09-25 10:49:28.640  INFO 13248 --- [main] .RepositoryConfigurationExtensionSupport : Spring Data Redis - Could not safely identify store assignment for repository candidate interface com.sms.pollservice.repository.UserRepository.
2019-09-25 10:49:28.640  INFO 13248 --- [main] .RepositoryConfigurationExtensionSupport : Spring Data Redis - Could not safely identify store assignment for repository candidate interface com.sms.pollservice.repository.VoteRepository.
2019-09-25 10:49:28.640  INFO 13248 --- [main] .s.d.r.c.RepositoryConfigurationDelegate : Finished Spring Data repository scanning in 12ms. Found 0 repository interfaces.
2019-09-25 10:49:28.745  WARN 13248 --- [main] o.s.boot.actuate.endpoint.EndpointId     : Endpoint ID 'service-registry' contains invalid characters, please migrate to a valid format.
2019-09-25 10:49:28.972  INFO 13248 --- [main] o.s.cloud.context.scope.GenericScope     : BeanFactory id=abd62a39-89d5-3b89-8ee8-b807642010e6
2019-09-25 10:49:29.067  INFO 13248 --- [main] trationDelegate$BeanPostProcessorChecker : Bean 'org.springframework.transaction.annotation.ProxyTransactionManagementConfiguration' of type [org.springframework.transaction.annotation.ProxyTransactionManagementConfiguration$$EnhancerBySpringCGLIB$$4a93736e] is not eligible for getting processed by all BeanPostProcessors (for example: not eligible for auto-proxying)
2019-09-25 10:49:29.095  INFO 13248 --- [main] trationDelegate$BeanPostProcessorChecker : Bean 'org.springframework.security.config.annotation.configuration.ObjectPostProcessorConfiguration' of type [org.springframework.security.config.annotation.configuration.ObjectPostProcessorConfiguration$$EnhancerBySpringCGLIB$$e3413ba8] is not eligible for getting processed by all BeanPostProcessors (for example: not eligible for auto-proxying)
2019-09-25 10:49:29.099  INFO 13248 --- [main] trationDelegate$BeanPostProcessorChecker : Bean 'objectPostProcessor' of type [org.springframework.security.config.annotation.configuration.AutowireBeanFactoryObjectPostProcessor] is not eligible for getting processed by all BeanPostProcessors (for example: not eligible for auto-proxying)
2019-09-25 10:49:29.101  INFO 13248 --- [main] trationDelegate$BeanPostProcessorChecker : Bean 'org.springframework.security.access.expression.method.DefaultMethodSecurityExpressionHandler@7558c24b' of type [org.springframework.security.access.expression.method.DefaultMethodSecurityExpressionHandler] is not eligible for getting processed by all BeanPostProcessors (for example: not eligible for auto-proxying)
2019-09-25 10:49:29.102  INFO 13248 --- [main] trationDelegate$BeanPostProcessorChecker : Bean 'org.springframework.security.config.annotation.method.configuration.GlobalMethodSecurityConfiguration' of type [org.springframework.security.config.annotation.method.configuration.GlobalMethodSecurityConfiguration$$EnhancerBySpringCGLIB$$815de5a] is not eligible for getting processed by all BeanPostProcessors (for example: not eligible for auto-proxying)
2019-09-25 10:49:29.110  INFO 13248 --- [main] trationDelegate$BeanPostProcessorChecker : Bean 'org.springframework.security.config.annotation.method.configuration.Jsr250MetadataSourceConfiguration' of type [org.springframework.security.config.annotation.method.configuration.Jsr250MetadataSourceConfiguration$$EnhancerBySpringCGLIB$$2d6af670] is not eligible for getting processed by all BeanPostProcessors (for example: not eligible for auto-proxying)
2019-09-25 10:49:29.111  INFO 13248 --- [main] trationDelegate$BeanPostProcessorChecker : Bean 'jsr250MethodSecurityMetadataSource' of type [org.springframework.security.access.annotation.Jsr250MethodSecurityMetadataSource] is not eligible for getting processed by all BeanPostProcessors (for example: not eligible for auto-proxying)
2019-09-25 10:49:29.112  INFO 13248 --- [main] trationDelegate$BeanPostProcessorChecker : Bean 'methodSecurityMetadataSource' of type [org.springframework.security.access.method.DelegatingMethodSecurityMetadataSource] is not eligible for getting processed by all BeanPostProcessors (for example: not eligible for auto-proxying)
2019-09-25 10:49:29.124  INFO 13248 --- [main] trationDelegate$BeanPostProcessorChecker : Bean 'org.springframework.hateoas.config.HateoasConfiguration' of type [org.springframework.hateoas.config.HateoasConfiguration$$EnhancerBySpringCGLIB$$ca13c0a0] is not eligible for getting processed by all BeanPostProcessors (for example: not eligible for auto-proxying)
2019-09-25 10:49:29.132  INFO 13248 --- [main] trationDelegate$BeanPostProcessorChecker : Bean 'org.springframework.cloud.autoconfigure.ConfigurationPropertiesRebinderAutoConfiguration' of type [org.springframework.cloud.autoconfigure.ConfigurationPropertiesRebinderAutoConfiguration$$EnhancerBySpringCGLIB$$66ad766b] is not eligible for getting processed by all BeanPostProcessors (for example: not eligible for auto-proxying)
2019-09-25 10:49:29.440  INFO 13248 --- [main] o.s.b.w.embedded.tomcat.TomcatWebServer  : Tomcat initialized with port(s): 8187 (http)
2019-09-25 10:49:29.457  INFO 13248 --- [main] o.apache.catalina.core.StandardService   : Starting service [Tomcat]
2019-09-25 10:49:29.457  INFO 13248 --- [main] org.apache.catalina.core.StandardEngine  : Starting Servlet Engine: Apache Tomcat/9.0.13
2019-09-25 10:49:29.462  INFO 13248 --- [main] o.a.catalina.core.AprLifecycleListener   : The APR based Apache Tomcat Native library which allows optimal performance in production environments was not found on the java.library.path: [C:\java\jre1.8.0_212\bin;C:\Windows\Sun\Java\bin;C:\Windows\system32;C:\Windows;C:/java/jre1.8.0_212/bin/server;C:/java/jre1.8.0_212/bin;C:/java/jre1.8.0_212/lib/amd64;C:\Program Files (x86)\Common Files\Oracle\Java\javapath;C:\Program Files (x86)\Intel\iCLS Client\;C:\Program Files\Intel\iCLS Client\;C:\Windows\system32;C:\Windows;C:\Windows\System32\Wbem;C:\Windows\System32\WindowsPowerShell\v1.0\;C:\Program Files\Intel\Intel(R) Management Engine Components\DAL;C:\Program Files (x86)\Intel\Intel(R) Management Engine Components\DAL;C:\Program Files\Intel\Intel(R) Management Engine Components\IPT;C:\Program Files (x86)\Intel\Intel(R) Management Engine Components\IPT;C:\Program Files (x86)\ATI Technologies\ATI.ACE\Core-Static;C:\Program Files (x86)\Windows Live\Shared;C:\Program Files\Microsoft SQL Server\110\Tools\Binn\;C:\Program Files (x86)\Microsoft SQL Server\110\Tools\Binn\ManagementStudio\;C:\Program Files (x86)\Microsoft SQL Server\110\Tools\Binn\;C:\Program Files (x86)\Microsoft SQL Server\110\DTS\Binn\;C:\Program Files\Google\Google Apps Sync\;C:\Program Files\Google\Google Apps Migration\;C:\Program Files\dotnet\;C:\Program Files\Microsoft SQL Server\130\Tools\Binn\;C:\Program Files\Git\cmd;C:\Program Files (x86)\dotnet\;C:\java\bin;C:\Kafka\apache-zookeeper-3.5.5-bin\bin;C:\java\bin;C:\Program Files\nodejs\;C:\java\bin;C:\Users\anchal.mathur\AppData\Roaming\npm;C:\Users\anchal.mathur\AppData\Local\GitHubDesktop\bin;C:\Program Files\Docker Toolbox;C:\Users\anchal.mathur\Minishift;C:\Users\anchal.mathur\Downloads\spring-tool-suite-4-4.3.1.RELEASE-e4.12.0-win32.win32.x86_64\sts-4.3.1.RELEASE;;.]
2019-09-25 10:49:29.601  INFO 13248 --- [main] o.a.c.c.C.[Tomcat].[localhost].[/]       : Initializing Spring embedded WebApplicationContext
2019-09-25 10:49:29.601  INFO 13248 --- [main] o.s.web.context.ContextLoader            : Root WebApplicationContext: initialization completed in 3168 ms
2019-09-25 10:49:29.757  WARN 13248 --- [main] c.n.c.sources.URLConfigurationSource     : No URLs will be polled as dynamic configuration sources.
2019-09-25 10:49:29.757  INFO 13248 --- [main] c.n.c.sources.URLConfigurationSource     : To enable URLs as dynamic configuration sources, define System property archaius.configurationSource.additionalUrls or make config.properties available on classpath.
2019-09-25 10:49:29.763  INFO 13248 --- [main] c.netflix.config.DynamicPropertyFactory  : DynamicPropertyFactory is initialized with configuration sources: com.netflix.config.ConcurrentCompositeConfiguration@3915e7c3
2019-09-25 10:49:30.551  INFO 13248 --- [main] o.s.c.n.eureka.InstanceInfoFactory       : Setting initial instance status as: STARTING
2019-09-25 10:49:30.580  INFO 13248 --- [main] com.netflix.discovery.DiscoveryClient    : Initializing Eureka in region us-east-1
2019-09-25 10:49:30.826  INFO 13248 --- [main] c.n.d.provider.DiscoveryJerseyProvider   : Using JSON encoding codec LegacyJacksonJson
2019-09-25 10:49:30.826  INFO 13248 --- [main] c.n.d.provider.DiscoveryJerseyProvider   : Using JSON decoding codec LegacyJacksonJson
2019-09-25 10:49:30.918  INFO 13248 --- [main] c.n.d.provider.DiscoveryJerseyProvider   : Using XML encoding codec XStreamXml
2019-09-25 10:49:30.918  INFO 13248 --- [main] c.n.d.provider.DiscoveryJerseyProvider   : Using XML decoding codec XStreamXml
2019-09-25 10:49:31.056  INFO 13248 --- [main] c.n.d.s.r.aws.ConfigClusterResolver      : Resolving eureka endpoints via configuration
2019-09-25 10:49:31.164  INFO 13248 --- [main] com.netflix.discovery.DiscoveryClient    : Disable delta property : false
2019-09-25 10:49:31.164  INFO 13248 --- [main] com.netflix.discovery.DiscoveryClient    : Single vip registry refresh property : null
2019-09-25 10:49:31.164  INFO 13248 --- [main] com.netflix.discovery.DiscoveryClient    : Force full registry fetch : false
2019-09-25 10:49:31.164  INFO 13248 --- [main] com.netflix.discovery.DiscoveryClient    : Application is null : false
2019-09-25 10:49:31.164  INFO 13248 --- [main] com.netflix.discovery.DiscoveryClient    : Registered Applications size is zero : true
2019-09-25 10:49:31.165  INFO 13248 --- [main] com.netflix.discovery.DiscoveryClient    : Application version is -1: true
2019-09-25 10:49:31.165  INFO 13248 --- [main] com.netflix.discovery.DiscoveryClient    : Getting all instance registry info from the eureka server
2019-09-25 10:49:31.252  INFO 13248 --- [main] com.netflix.discovery.DiscoveryClient    : The response status is 200
2019-09-25 10:49:31.254  INFO 13248 --- [main] com.netflix.discovery.DiscoveryClient    : Starting heartbeat executor: renew interval is: 30
2019-09-25 10:49:31.256  INFO 13248 --- [main] c.n.discovery.InstanceInfoReplicator     : InstanceInfoReplicator onDemand update allowed rate per min is 4
2019-09-25 10:49:31.259  INFO 13248 --- [main] com.netflix.discovery.DiscoveryClient    : Discovery Client initialized at timestamp 1569388771258 with initial instances count: 4
2019-09-25 10:49:32.203  INFO 13248 --- [main] com.zaxxer.hikari.HikariDataSource       : HikariPool-1 - Starting...
2019-09-25 10:49:32.283  INFO 13248 --- [main] com.zaxxer.hikari.HikariDataSource       : HikariPool-1 - Start completed.
2019-09-25 10:49:32.346  INFO 13248 --- [main] o.hibernate.jpa.internal.util.LogHelper  : HHH000204: Processing PersistenceUnitInfo [
	name: default
	...]
2019-09-25 10:49:32.397  INFO 13248 --- [main] org.hibernate.Version                    : HHH000412: Hibernate Core {5.3.7.Final}
2019-09-25 10:49:32.399  INFO 13248 --- [main] org.hibernate.cfg.Environment            : HHH000206: hibernate.properties not found
2019-09-25 10:49:32.507  INFO 13248 --- [main] o.hibernate.annotations.common.Version   : HCANN000001: Hibernate Commons Annotations {5.0.4.Final}
2019-09-25 10:49:32.774  INFO 13248 --- [main] org.hibernate.dialect.Dialect            : HHH000400: Using dialect: org.hibernate.dialect.MySQL5InnoDBDialect
2019-09-25 10:49:33.875  INFO 13248 --- [main] j.LocalContainerEntityManagerFactoryBean : Initialized JPA EntityManagerFactory for persistence unit 'default'
2019-09-25 10:49:34.272 DEBUG 13248 --- [main] c.s.p.security.JwtAuthenticationFilter   : Filter 'jwtAuthenticationFilter' configured for use
2019-09-25 10:49:34.426  INFO 13248 --- [main] o.h.h.i.QueryTranslatorFactoryInitiator  : HHH000397: Using ASTQueryTranslatorFactory
2019-09-25 10:49:34.763  WARN 13248 --- [main] aWebConfiguration$JpaWebMvcConfiguration : spring.jpa.open-in-view is enabled by default. Therefore, database queries may be performed during view rendering. Explicitly configure spring.jpa.open-in-view to disable this warning
2019-09-25 10:49:35.125  INFO 13248 --- [main] o.s.b.a.e.web.EndpointLinksResolver      : Exposing 20 endpoint(s) beneath base path '/actuator'
2019-09-25 10:49:35.612  INFO 13248 --- [main] o.s.s.web.DefaultSecurityFilterChain     : Creating filter chain: any request, [org.springframework.security.web.context.request.async.WebAsyncManagerIntegrationFilter@372c428, org.springframework.security.web.context.SecurityContextPersistenceFilter@6e5106fc, org.springframework.security.web.header.HeaderWriterFilter@4b59a1c1, org.springframework.web.filter.CorsFilter@4458887d, org.springframework.security.web.authentication.logout.LogoutFilter@7a4c1a6c, com.sms.pollservice.security.JwtAuthenticationFilter@5d10e2b6, org.springframework.security.web.savedrequest.RequestCacheAwareFilter@274b0c2a, org.springframework.security.web.servletapi.SecurityContextHolderAwareRequestFilter@35920655, org.springframework.security.web.authentication.AnonymousAuthenticationFilter@7b1bb01c, org.springframework.security.web.session.SessionManagementFilter@39d4f046, org.springframework.security.web.access.ExceptionTranslationFilter@3e8c9981, org.springframework.security.web.access.intercept.FilterSecurityInterceptor@7640a191]
2019-09-25 10:49:35.676  WARN 13248 --- [main] c.n.c.sources.URLConfigurationSource     : No URLs will be polled as dynamic configuration sources.
2019-09-25 10:49:35.676  INFO 13248 --- [main] c.n.c.sources.URLConfigurationSource     : To enable URLs as dynamic configuration sources, define System property archaius.configurationSource.additionalUrls or make config.properties available on classpath.
2019-09-25 10:49:35.822  INFO 13248 --- [main] o.s.s.concurrent.ThreadPoolTaskExecutor  : Initializing ExecutorService 'applicationTaskExecutor'
2019-09-25 10:49:36.607  INFO 13248 --- [main] o.s.c.n.e.s.EurekaServiceRegistry        : Registering application POLL-SERVICE with eureka with status UP
2019-09-25 10:49:36.608  INFO 13248 --- [main] com.netflix.discovery.DiscoveryClient    : Saw local status change event StatusChangeEvent [timestamp=1569388776608, current=UP, previous=STARTING]
2019-09-25 10:49:36.609  INFO 13248 --- [DiscoveryClient-InstanceInfoReplicator-0] com.netflix.discovery.DiscoveryClient    : DiscoveryClient_POLL-SERVICE/BOLD-AnchalM.LCINDIA.LOCAL:poll-service:8187: registering service...
2019-09-25 10:49:36.626  INFO 13248 --- [main] d.s.w.p.DocumentationPluginsBootstrapper : Context refreshed
2019-09-25 10:49:36.639  INFO 13248 --- [DiscoveryClient-InstanceInfoReplicator-0] com.netflix.discovery.DiscoveryClient    : DiscoveryClient_POLL-SERVICE/BOLD-AnchalM.LCINDIA.LOCAL:poll-service:8187 - registration status: 204
2019-09-25 10:49:36.640  INFO 13248 --- [main] d.s.w.p.DocumentationPluginsBootstrapper : Found 1 custom documentation plugin(s)
2019-09-25 10:49:36.649  INFO 13248 --- [main] s.d.s.w.s.ApiListingReferenceScanner     : Scanning for api listing references
2019-09-25 10:49:36.776  INFO 13248 --- [main] o.s.b.w.embedded.tomcat.TomcatWebServer  : Tomcat started on port(s): 8187 (http) with context path ''
2019-09-25 10:49:36.777  INFO 13248 --- [main] .s.c.n.e.s.EurekaAutoServiceRegistration : Updating port to 8187
2019-09-25 10:49:36.779  INFO 13248 --- [main] c.s.pollservice.PollServiceApplication   : Started PollServiceApplication in 12.645 seconds (JVM running for 13.538)
2019-09-25 10:54:31.217  INFO 13248 --- [AsyncResolver-bootstrap-executor-0] c.n.d.s.r.aws.ConfigClusterResolver      : Resolving eureka endpoints via configuration
2019-09-25 10:59:31.231  INFO 13248 --- [AsyncResolver-bootstrap-executor-0] c.n.d.s.r.aws.ConfigClusterResolver      : Resolving eureka endpoints via configuration
2019-09-25 11:04:31.241  INFO 13248 --- [AsyncResolver-bootstrap-executor-0] c.n.d.s.r.aws.ConfigClusterResolver      : Resolving eureka endpoints via configuration
2019-09-25 11:09:31.253  INFO 13248 --- [AsyncResolver-bootstrap-executor-0] c.n.d.s.r.aws.ConfigClusterResolver      : Resolving eureka endpoints via configuration
2019-09-25 11:14:31.273  INFO 13248 --- [AsyncResolver-bootstrap-executor-0] c.n.d.s.r.aws.ConfigClusterResolver      : Resolving eureka endpoints via configuration
2019-09-25 11:19:31.286  INFO 13248 --- [AsyncResolver-bootstrap-executor-0] c.n.d.s.r.aws.ConfigClusterResolver      : Resolving eureka endpoints via configuration
2019-09-25 11:24:31.297  INFO 13248 --- [AsyncResolver-bootstrap-executor-0] c.n.d.s.r.aws.ConfigClusterResolver      : Resolving eureka endpoints via configuration
2019-09-25 11:29:31.292  INFO 13248 --- [AsyncResolver-bootstrap-executor-0] c.n.d.s.r.aws.ConfigClusterResolver      : Resolving eureka endpoints via configuration
2019-09-25 11:34:31.290  INFO 13248 --- [AsyncResolver-bootstrap-executor-0] c.n.d.s.r.aws.ConfigClusterResolver      : Resolving eureka endpoints via configuration
2019-09-25 11:39:31.295  INFO 13248 --- [AsyncResolver-bootstrap-executor-0] c.n.d.s.r.aws.ConfigClusterResolver      : Resolving eureka endpoints via configuration
2019-09-25 11:44:31.301  INFO 13248 --- [AsyncResolver-bootstrap-executor-0] c.n.d.s.r.aws.ConfigClusterResolver      : Resolving eureka endpoints via configuration
2019-09-25 11:49:31.309  INFO 13248 --- [AsyncResolver-bootstrap-executor-0] c.n.d.s.r.aws.ConfigClusterResolver      : Resolving eureka endpoints via configuration
2019-09-25 11:54:31.314  INFO 13248 --- [AsyncResolver-bootstrap-executor-0] c.n.d.s.r.aws.ConfigClusterResolver      : Resolving eureka endpoints via configuration
2019-09-25 11:59:31.319  INFO 13248 --- [AsyncResolver-bootstrap-executor-0] c.n.d.s.r.aws.ConfigClusterResolver      : Resolving eureka endpoints via configuration
2019-09-25 12:04:31.325  INFO 13248 --- [AsyncResolver-bootstrap-executor-0] c.n.d.s.r.aws.ConfigClusterResolver      : Resolving eureka endpoints via configuration
2019-09-25 12:09:31.330  INFO 13248 --- [AsyncResolver-bootstrap-executor-0] c.n.d.s.r.aws.ConfigClusterResolver      : Resolving eureka endpoints via configuration
2019-09-25 12:14:31.337  INFO 13248 --- [AsyncResolver-bootstrap-executor-0] c.n.d.s.r.aws.ConfigClusterResolver      : Resolving eureka endpoints via configuration
2019-09-25 12:19:31.350  INFO 13248 --- [AsyncResolver-bootstrap-executor-0] c.n.d.s.r.aws.ConfigClusterResolver      : Resolving eureka endpoints via configuration
2019-09-25 12:24:35.099  INFO 13248 --- [AsyncResolver-bootstrap-executor-0] c.n.d.s.r.aws.ConfigClusterResolver      : Resolving eureka endpoints via configuration
2019-09-25 12:29:35.108  INFO 13248 --- [AsyncResolver-bootstrap-executor-0] c.n.d.s.r.aws.ConfigClusterResolver      : Resolving eureka endpoints via configuration
2019-09-25 12:34:35.115  INFO 13248 --- [AsyncResolver-bootstrap-executor-0] c.n.d.s.r.aws.ConfigClusterResolver      : Resolving eureka endpoints via configuration
2019-09-25 12:39:35.121  INFO 13248 --- [AsyncResolver-bootstrap-executor-0] c.n.d.s.r.aws.ConfigClusterResolver      : Resolving eureka endpoints via configuration
2019-09-25 12:44:35.127  INFO 13248 --- [AsyncResolver-bootstrap-executor-0] c.n.d.s.r.aws.ConfigClusterResolver      : Resolving eureka endpoints via configuration
2019-09-25 12:49:35.133  INFO 13248 --- [AsyncResolver-bootstrap-executor-0] c.n.d.s.r.aws.ConfigClusterResolver      : Resolving eureka endpoints via configuration
2019-09-25 12:54:35.149  INFO 13248 --- [AsyncResolver-bootstrap-executor-0] c.n.d.s.r.aws.ConfigClusterResolver      : Resolving eureka endpoints via configuration
2019-09-25 12:59:35.161  INFO 13248 --- [AsyncResolver-bootstrap-executor-0] c.n.d.s.r.aws.ConfigClusterResolver      : Resolving eureka endpoints via configuration
2019-09-25 13:02:40.071  INFO 13248 --- [http-nio-8187-exec-1] o.a.c.c.C.[Tomcat].[localhost].[/]       : Initializing Spring DispatcherServlet 'dispatcherServlet'
2019-09-25 13:02:40.071  INFO 13248 --- [http-nio-8187-exec-1] o.s.web.servlet.DispatcherServlet        : Initializing Servlet 'dispatcherServlet'
2019-09-25 13:02:40.093  INFO 13248 --- [http-nio-8187-exec-1] o.s.web.servlet.DispatcherServlet        : Completed initialization in 22 ms
2019-09-25 13:02:40.271 ERROR 13248 --- [http-nio-8187-exec-1] c.s.p.security.JwtAuthenticationFilter   : Could Not extract bearer token from request
2019-09-25 13:02:41.194 ERROR 13248 --- [http-nio-8187-exec-2] c.s.p.security.JwtAuthenticationFilter   : Could Not extract bearer token from request
2019-09-25 13:03:00.465  INFO 13248 --- [http-nio-8187-exec-3] c.s.p.security.JwtAuthenticationFilter   : Bearer Token Passed:eyJhbGciOiJIUzUxMiJ9.eyJzdWIiOiIyIiwiYXV0aCI6eyJpZCI6MiwibmFtZSI6Ik5lZWxhbSBNYXRodXIiLCJ1c2VybmFtZSI6Im5lZWxhbSIsImF1dGhvcml0aWVzIjpbeyJhdXRob3JpdHkiOiJST0xFX1RFQUNIRVIifV0sImVuYWJsZWQiOnRydWUsImNyZWRlbnRpYWxzTm9uRXhwaXJlZCI6dHJ1ZSwiYWNjb3VudE5vbkV4cGlyZWQiOnRydWUsImFjY291bnROb25Mb2NrZWQiOnRydWV9LCJpYXQiOjE1NjkzOTY3ODAsImV4cCI6MTU3MDAwMTU4MH0.8EJE0H-nlhRa9oEk0-7X6peFHiYMT9n87NBirLnpuPnjiwKjuidN0Fj4TAh50cKdBIcVdUUV6KHB-Dz0nVn56Q
2019-09-25 13:03:00.874  INFO 13248 --- [http-nio-8187-exec-3] c.s.p.security.JwtTokenProvider          : Parsed UserId:2
2019-09-25 13:03:25.285  INFO 13248 --- [http-nio-8187-exec-4] c.s.p.security.JwtAuthenticationFilter   : Bearer Token Passed:eyJhbGciOiJIUzUxMiJ9.eyJzdWIiOiIyIiwiYXV0aCI6eyJpZCI6MiwibmFtZSI6Ik5lZWxhbSBNYXRodXIiLCJ1c2VybmFtZSI6Im5lZWxhbSIsImF1dGhvcml0aWVzIjpbeyJhdXRob3JpdHkiOiJST0xFX1RFQUNIRVIifV0sImVuYWJsZWQiOnRydWUsImNyZWRlbnRpYWxzTm9uRXhwaXJlZCI6dHJ1ZSwiYWNjb3VudE5vbkV4cGlyZWQiOnRydWUsImFjY291bnROb25Mb2NrZWQiOnRydWV9LCJpYXQiOjE1NjkzOTY3ODAsImV4cCI6MTU3MDAwMTU4MH0.8EJE0H-nlhRa9oEk0-7X6peFHiYMT9n87NBirLnpuPnjiwKjuidN0Fj4TAh50cKdBIcVdUUV6KHB-Dz0nVn56Q
2019-09-25 13:03:25.292  INFO 13248 --- [http-nio-8187-exec-4] c.s.p.security.JwtTokenProvider          : Parsed UserId:2
2019-09-25 13:04:02.540  INFO 13248 --- [http-nio-8187-exec-5] c.s.p.security.JwtAuthenticationFilter   : Bearer Token Passed:eyJhbGciOiJIUzUxMiJ9.eyJzdWIiOiIyIiwiYXV0aCI6eyJpZCI6MiwibmFtZSI6Ik5lZWxhbSBNYXRodXIiLCJ1c2VybmFtZSI6Im5lZWxhbSIsImF1dGhvcml0aWVzIjpbeyJhdXRob3JpdHkiOiJST0xFX1RFQUNIRVIifV0sImVuYWJsZWQiOnRydWUsImNyZWRlbnRpYWxzTm9uRXhwaXJlZCI6dHJ1ZSwiYWNjb3VudE5vbkV4cGlyZWQiOnRydWUsImFjY291bnROb25Mb2NrZWQiOnRydWV9LCJpYXQiOjE1NjkzOTY3ODAsImV4cCI6MTU3MDAwMTU4MH0.8EJE0H-nlhRa9oEk0-7X6peFHiYMT9n87NBirLnpuPnjiwKjuidN0Fj4TAh50cKdBIcVdUUV6KHB-Dz0nVn56Q
2019-09-25 13:04:02.543  INFO 13248 --- [http-nio-8187-exec-5] c.s.p.security.JwtTokenProvider          : Parsed UserId:2
2019-09-25 13:04:35.169  INFO 13248 --- [AsyncResolver-bootstrap-executor-0] c.n.d.s.r.aws.ConfigClusterResolver      : Resolving eureka endpoints via configuration
2019-09-25 13:09:35.175  INFO 13248 --- [AsyncResolver-bootstrap-executor-0] c.n.d.s.r.aws.ConfigClusterResolver      : Resolving eureka endpoints via configuration
2019-09-25 13:14:35.181  INFO 13248 --- [AsyncResolver-bootstrap-executor-0] c.n.d.s.r.aws.ConfigClusterResolver      : Resolving eureka endpoints via configuration
2019-09-25 13:19:35.186  INFO 13248 --- [AsyncResolver-bootstrap-executor-0] c.n.d.s.r.aws.ConfigClusterResolver      : Resolving eureka endpoints via configuration
2019-09-25 13:24:35.193  INFO 13248 --- [AsyncResolver-bootstrap-executor-0] c.n.d.s.r.aws.ConfigClusterResolver      : Resolving eureka endpoints via configuration
2019-09-25 13:29:35.213  INFO 13248 --- [AsyncResolver-bootstrap-executor-0] c.n.d.s.r.aws.ConfigClusterResolver      : Resolving eureka endpoints via configuration
2019-09-25 13:32:06.251 ERROR 13248 --- [http-nio-8187-exec-7] c.s.p.security.JwtAuthenticationFilter   : Could Not extract bearer token from request
2019-09-25 13:32:07.346 ERROR 13248 --- [http-nio-8187-exec-8] c.s.p.security.JwtAuthenticationFilter   : Could Not extract bearer token from request
2019-09-25 13:32:32.855  INFO 13248 --- [http-nio-8187-exec-9] c.s.p.security.JwtAuthenticationFilter   : Bearer Token Passed:eyJhbGciOiJIUzUxMiJ9.eyJzdWIiOiIyIiwiYXV0aCI6eyJpZCI6MiwibmFtZSI6Ik5lZWxhbSBNYXRodXIiLCJ1c2VybmFtZSI6Im5lZWxhbSIsImF1dGhvcml0aWVzIjpbeyJhdXRob3JpdHkiOiJST0xFX1RFQUNIRVIifV0sImVuYWJsZWQiOnRydWUsImNyZWRlbnRpYWxzTm9uRXhwaXJlZCI6dHJ1ZSwiYWNjb3VudE5vbkV4cGlyZWQiOnRydWUsImFjY291bnROb25Mb2NrZWQiOnRydWV9LCJpYXQiOjE1NjkzOTg1NTIsImV4cCI6MTU3MDAwMzM1Mn0.lsN50jrf2JXhJ6cSrUjf9y-zObv9N6Ra5eZO3tNEHJuCjuS4leqvL68IwAkzpphxWQ4-5cRIalsRBuo8tra30A
2019-09-25 13:32:32.900  INFO 13248 --- [http-nio-8187-exec-9] c.s.p.security.JwtTokenProvider          : Parsed UserId:2
2019-09-25 13:34:35.225  INFO 13248 --- [AsyncResolver-bootstrap-executor-0] c.n.d.s.r.aws.ConfigClusterResolver      : Resolving eureka endpoints via configuration
2019-09-25 13:35:32.199  INFO 13248 --- [http-nio-8187-exec-1] c.s.p.security.JwtAuthenticationFilter   : Bearer Token Passed:eyJhbGciOiJIUzUxMiJ9.eyJzdWIiOiIyIiwiYXV0aCI6eyJpZCI6MiwibmFtZSI6Ik5lZWxhbSBNYXRodXIiLCJ1c2VybmFtZSI6Im5lZWxhbSIsImF1dGhvcml0aWVzIjpbeyJhdXRob3JpdHkiOiJST0xFX1RFQUNIRVIifV0sImVuYWJsZWQiOnRydWUsImNyZWRlbnRpYWxzTm9uRXhwaXJlZCI6dHJ1ZSwiYWNjb3VudE5vbkV4cGlyZWQiOnRydWUsImFjY291bnROb25Mb2NrZWQiOnRydWV9LCJpYXQiOjE1NjkzOTg1NTIsImV4cCI6MTU3MDAwMzM1Mn0.lsN50jrf2JXhJ6cSrUjf9y-zObv9N6Ra5eZO3tNEHJuCjuS4leqvL68IwAkzpphxWQ4-5cRIalsRBuo8tra30A
2019-09-25 13:35:32.204  INFO 13248 --- [http-nio-8187-exec-1] c.s.p.security.JwtTokenProvider          : Parsed UserId:2
2019-09-25 13:39:35.237  INFO 13248 --- [AsyncResolver-bootstrap-executor-0] c.n.d.s.r.aws.ConfigClusterResolver      : Resolving eureka endpoints via configuration
2019-09-25 13:39:40.864  INFO 13248 --- [http-nio-8187-exec-3] c.s.p.security.JwtAuthenticationFilter   : Bearer Token Passed:eyJhbGciOiJIUzUxMiJ9.eyJzdWIiOiIyIiwiYXV0aCI6eyJpZCI6MiwibmFtZSI6Ik5lZWxhbSBNYXRodXIiLCJ1c2VybmFtZSI6Im5lZWxhbSIsImF1dGhvcml0aWVzIjpbeyJhdXRob3JpdHkiOiJST0xFX1RFQUNIRVIifV0sImVuYWJsZWQiOnRydWUsImNyZWRlbnRpYWxzTm9uRXhwaXJlZCI6dHJ1ZSwiYWNjb3VudE5vbkV4cGlyZWQiOnRydWUsImFjY291bnROb25Mb2NrZWQiOnRydWV9LCJpYXQiOjE1NjkzOTg1NTIsImV4cCI6MTU3MDAwMzM1Mn0.lsN50jrf2JXhJ6cSrUjf9y-zObv9N6Ra5eZO3tNEHJuCjuS4leqvL68IwAkzpphxWQ4-5cRIalsRBuo8tra30A
2019-09-25 13:39:40.874  INFO 13248 --- [http-nio-8187-exec-3] c.s.p.security.JwtTokenProvider          : Parsed UserId:2
2019-09-25 13:44:35.244  INFO 13248 --- [AsyncResolver-bootstrap-executor-0] c.n.d.s.r.aws.ConfigClusterResolver      : Resolving eureka endpoints via configuration
2019-09-25 13:49:35.249  INFO 13248 --- [AsyncResolver-bootstrap-executor-0] c.n.d.s.r.aws.ConfigClusterResolver      : Resolving eureka endpoints via configuration
2019-09-25 13:54:35.256  INFO 13248 --- [AsyncResolver-bootstrap-executor-0] c.n.d.s.r.aws.ConfigClusterResolver      : Resolving eureka endpoints via configuration
2019-09-25 13:59:35.262  INFO 13248 --- [AsyncResolver-bootstrap-executor-0] c.n.d.s.r.aws.ConfigClusterResolver      : Resolving eureka endpoints via configuration
2019-09-25 14:04:35.924  INFO 13248 --- [AsyncResolver-bootstrap-executor-0] c.n.d.s.r.aws.ConfigClusterResolver      : Resolving eureka endpoints via configuration
2019-09-25 14:09:35.994  INFO 13248 --- [AsyncResolver-bootstrap-executor-0] c.n.d.s.r.aws.ConfigClusterResolver      : Resolving eureka endpoints via configuration
2019-09-25 14:14:36.000  INFO 13248 --- [AsyncResolver-bootstrap-executor-0] c.n.d.s.r.aws.ConfigClusterResolver      : Resolving eureka endpoints via configuration
2019-09-25 14:19:36.005  INFO 13248 --- [AsyncResolver-bootstrap-executor-0] c.n.d.s.r.aws.ConfigClusterResolver      : Resolving eureka endpoints via configuration
2019-09-25 14:24:36.010  INFO 13248 --- [AsyncResolver-bootstrap-executor-0] c.n.d.s.r.aws.ConfigClusterResolver      : Resolving eureka endpoints via configuration
2019-09-25 14:29:36.017  INFO 13248 --- [AsyncResolver-bootstrap-executor-0] c.n.d.s.r.aws.ConfigClusterResolver      : Resolving eureka endpoints via configuration
2019-09-25 14:34:36.025  INFO 13248 --- [AsyncResolver-bootstrap-executor-0] c.n.d.s.r.aws.ConfigClusterResolver      : Resolving eureka endpoints via configuration
2019-09-25 14:39:36.030  INFO 13248 --- [AsyncResolver-bootstrap-executor-0] c.n.d.s.r.aws.ConfigClusterResolver      : Resolving eureka endpoints via configuration
2019-09-25 14:44:36.036  INFO 13248 --- [AsyncResolver-bootstrap-executor-0] c.n.d.s.r.aws.ConfigClusterResolver      : Resolving eureka endpoints via configuration
2019-09-25 14:49:36.044  INFO 13248 --- [AsyncResolver-bootstrap-executor-0] c.n.d.s.r.aws.ConfigClusterResolver      : Resolving eureka endpoints via configuration
2019-09-25 14:54:36.052  INFO 13248 --- [AsyncResolver-bootstrap-executor-0] c.n.d.s.r.aws.ConfigClusterResolver      : Resolving eureka endpoints via configuration
2019-09-25 14:59:36.058  INFO 13248 --- [AsyncResolver-bootstrap-executor-0] c.n.d.s.r.aws.ConfigClusterResolver      : Resolving eureka endpoints via configuration
2019-09-25 15:04:36.063  INFO 13248 --- [AsyncResolver-bootstrap-executor-0] c.n.d.s.r.aws.ConfigClusterResolver      : Resolving eureka endpoints via configuration
2019-09-25 15:07:49.757 ERROR 13248 --- [DiscoveryClient-HeartbeatExecutor-0] c.n.d.s.t.d.RedirectingEurekaHttpClient  : Request execution error. endpoint=DefaultEndpoint{ serviceUrl='http://localhost:8761/eureka/}

com.sun.jersey.api.client.ClientHandlerException: java.net.SocketTimeoutException: Read timed out
	at com.sun.jersey.client.apache4.ApacheHttpClient4Handler.handle(ApacheHttpClient4Handler.java:187) ~[jersey-apache-client4-1.19.1.jar:1.19.1]
	at com.sun.jersey.api.client.filter.GZIPContentEncodingFilter.handle(GZIPContentEncodingFilter.java:123) ~[jersey-client-1.19.1.jar:1.19.1]
	at com.netflix.discovery.EurekaIdentityHeaderFilter.handle(EurekaIdentityHeaderFilter.java:27) ~[eureka-client-1.9.8.jar:1.9.8]
	at com.sun.jersey.api.client.Client.handle(Client.java:652) ~[jersey-client-1.19.1.jar:1.19.1]
	at com.sun.jersey.api.client.WebResource.handle(WebResource.java:682) ~[jersey-client-1.19.1.jar:1.19.1]
	at com.sun.jersey.api.client.WebResource.access$200(WebResource.java:74) ~[jersey-client-1.19.1.jar:1.19.1]
	at com.sun.jersey.api.client.WebResource$Builder.put(WebResource.java:529) ~[jersey-client-1.19.1.jar:1.19.1]
	at com.netflix.discovery.shared.transport.jersey.AbstractJerseyEurekaHttpClient.sendHeartBeat(AbstractJerseyEurekaHttpClient.java:102) ~[eureka-client-1.9.8.jar:1.9.8]
	at com.netflix.discovery.shared.transport.decorator.EurekaHttpClientDecorator$3.execute(EurekaHttpClientDecorator.java:92) [eureka-client-1.9.8.jar:1.9.8]
	at com.netflix.discovery.shared.transport.decorator.MetricsCollectingEurekaHttpClient.execute(MetricsCollectingEurekaHttpClient.java:73) ~[eureka-client-1.9.8.jar:1.9.8]
	at com.netflix.discovery.shared.transport.decorator.EurekaHttpClientDecorator.sendHeartBeat(EurekaHttpClientDecorator.java:89) [eureka-client-1.9.8.jar:1.9.8]
	at com.netflix.discovery.shared.transport.decorator.EurekaHttpClientDecorator$3.execute(EurekaHttpClientDecorator.java:92) [eureka-client-1.9.8.jar:1.9.8]
	at com.netflix.discovery.shared.transport.decorator.RedirectingEurekaHttpClient.execute(RedirectingEurekaHttpClient.java:89) ~[eureka-client-1.9.8.jar:1.9.8]
	at com.netflix.discovery.shared.transport.decorator.EurekaHttpClientDecorator.sendHeartBeat(EurekaHttpClientDecorator.java:89) [eureka-client-1.9.8.jar:1.9.8]
	at com.netflix.discovery.shared.transport.decorator.EurekaHttpClientDecorator$3.execute(EurekaHttpClientDecorator.java:92) [eureka-client-1.9.8.jar:1.9.8]
	at com.netflix.discovery.shared.transport.decorator.RetryableEurekaHttpClient.execute(RetryableEurekaHttpClient.java:120) [eureka-client-1.9.8.jar:1.9.8]
	at com.netflix.discovery.shared.transport.decorator.EurekaHttpClientDecorator.sendHeartBeat(EurekaHttpClientDecorator.java:89) [eureka-client-1.9.8.jar:1.9.8]
	at com.netflix.discovery.shared.transport.decorator.EurekaHttpClientDecorator$3.execute(EurekaHttpClientDecorator.java:92) [eureka-client-1.9.8.jar:1.9.8]
	at com.netflix.discovery.shared.transport.decorator.SessionedEurekaHttpClient.execute(SessionedEurekaHttpClient.java:77) [eureka-client-1.9.8.jar:1.9.8]
	at com.netflix.discovery.shared.transport.decorator.EurekaHttpClientDecorator.sendHeartBeat(EurekaHttpClientDecorator.java:89) [eureka-client-1.9.8.jar:1.9.8]
	at com.netflix.discovery.DiscoveryClient.renew(DiscoveryClient.java:846) [eureka-client-1.9.8.jar:1.9.8]
	at com.netflix.discovery.DiscoveryClient$HeartbeatThread.run(DiscoveryClient.java:1405) [eureka-client-1.9.8.jar:1.9.8]
	at java.util.concurrent.Executors$RunnableAdapter.call(Unknown Source) [na:1.8.0_212]
	at java.util.concurrent.FutureTask.run(Unknown Source) [na:1.8.0_212]
	at java.util.concurrent.ThreadPoolExecutor.runWorker(Unknown Source) [na:1.8.0_212]
	at java.util.concurrent.ThreadPoolExecutor$Worker.run(Unknown Source) [na:1.8.0_212]
	at java.lang.Thread.run(Unknown Source) [na:1.8.0_212]
Caused by: java.net.SocketTimeoutException: Read timed out
	at java.net.SocketInputStream.socketRead0(Native Method) ~[na:1.8.0_212]
	at java.net.SocketInputStream.socketRead(Unknown Source) ~[na:1.8.0_212]
	at java.net.SocketInputStream.read(Unknown Source) ~[na:1.8.0_212]
	at java.net.SocketInputStream.read(Unknown Source) ~[na:1.8.0_212]
	at org.apache.http.impl.io.AbstractSessionInputBuffer.fillBuffer(AbstractSessionInputBuffer.java:161) ~[httpcore-4.4.10.jar:4.4.10]
	at org.apache.http.impl.io.SocketInputBuffer.fillBuffer(SocketInputBuffer.java:82) ~[httpcore-4.4.10.jar:4.4.10]
	at org.apache.http.impl.io.AbstractSessionInputBuffer.readLine(AbstractSessionInputBuffer.java:278) ~[httpcore-4.4.10.jar:4.4.10]
	at org.apache.http.impl.conn.DefaultHttpResponseParser.parseHead(DefaultHttpResponseParser.java:138) ~[httpclient-4.5.6.jar:4.5.6]
	at org.apache.http.impl.conn.DefaultHttpResponseParser.parseHead(DefaultHttpResponseParser.java:56) ~[httpclient-4.5.6.jar:4.5.6]
	at org.apache.http.impl.io.AbstractMessageParser.parse(AbstractMessageParser.java:259) ~[httpcore-4.4.10.jar:4.4.10]
	at org.apache.http.impl.AbstractHttpClientConnection.receiveResponseHeader(AbstractHttpClientConnection.java:286) ~[httpcore-4.4.10.jar:4.4.10]
	at org.apache.http.impl.conn.DefaultClientConnection.receiveResponseHeader(DefaultClientConnection.java:257) ~[httpclient-4.5.6.jar:4.5.6]
	at org.apache.http.impl.conn.AbstractClientConnAdapter.receiveResponseHeader(AbstractClientConnAdapter.java:230) ~[httpclient-4.5.6.jar:4.5.6]
	at org.apache.http.protocol.HttpRequestExecutor.doReceiveResponse(HttpRequestExecutor.java:273) ~[httpcore-4.4.10.jar:4.4.10]
	at org.apache.http.protocol.HttpRequestExecutor.execute(HttpRequestExecutor.java:125) ~[httpcore-4.4.10.jar:4.4.10]
	at org.apache.http.impl.client.DefaultRequestDirector.tryExecute(DefaultRequestDirector.java:684) ~[httpclient-4.5.6.jar:4.5.6]
	at org.apache.http.impl.client.DefaultRequestDirector.execute(DefaultRequestDirector.java:486) ~[httpclient-4.5.6.jar:4.5.6]
	at org.apache.http.impl.client.AbstractHttpClient.doExecute(AbstractHttpClient.java:835) ~[httpclient-4.5.6.jar:4.5.6]
	at org.apache.http.impl.client.CloseableHttpClient.execute(CloseableHttpClient.java:118) ~[httpclient-4.5.6.jar:4.5.6]
	at org.apache.http.impl.client.CloseableHttpClient.execute(CloseableHttpClient.java:56) ~[httpclient-4.5.6.jar:4.5.6]
	at com.sun.jersey.client.apache4.ApacheHttpClient4Handler.handle(ApacheHttpClient4Handler.java:173) ~[jersey-apache-client4-1.19.1.jar:1.19.1]
	... 26 common frames omitted

2019-09-25 15:07:49.746  WARN 13248 --- [DiscoveryClient-1] c.netflix.discovery.TimedSupervisorTask  : task supervisor timed out

java.util.concurrent.TimeoutException: null
	at java.util.concurrent.FutureTask.get(Unknown Source) [na:1.8.0_212]
	at com.netflix.discovery.TimedSupervisorTask.run(TimedSupervisorTask.java:66) ~[eureka-client-1.9.8.jar:1.9.8]
	at java.util.concurrent.Executors$RunnableAdapter.call(Unknown Source) [na:1.8.0_212]
	at java.util.concurrent.FutureTask.run(Unknown Source) [na:1.8.0_212]
	at java.util.concurrent.ScheduledThreadPoolExecutor$ScheduledFutureTask.access$201(Unknown Source) [na:1.8.0_212]
	at java.util.concurrent.ScheduledThreadPoolExecutor$ScheduledFutureTask.run(Unknown Source) [na:1.8.0_212]
	at java.util.concurrent.ThreadPoolExecutor.runWorker(Unknown Source) [na:1.8.0_212]
	at java.util.concurrent.ThreadPoolExecutor$Worker.run(Unknown Source) [na:1.8.0_212]
	at java.lang.Thread.run(Unknown Source) [na:1.8.0_212]

2019-09-25 15:07:52.401  WARN 13248 --- [DiscoveryClient-HeartbeatExecutor-0] c.n.d.s.t.d.RetryableEurekaHttpClient    : Request execution failed with message: java.net.SocketTimeoutException: Read timed out
2019-09-25 15:08:03.082  INFO 13248 --- [DiscoveryClient-HeartbeatExecutor-0] c.n.d.s.t.d.RetryableEurekaHttpClient    : Request execution succeeded on retry #1
2019-09-25 15:09:36.077  INFO 13248 --- [AsyncResolver-bootstrap-executor-0] c.n.d.s.r.aws.ConfigClusterResolver      : Resolving eureka endpoints via configuration
2019-09-25 15:14:36.144  INFO 13248 --- [AsyncResolver-bootstrap-executor-0] c.n.d.s.r.aws.ConfigClusterResolver      : Resolving eureka endpoints via configuration
2019-09-25 15:19:36.331  INFO 13248 --- [AsyncResolver-bootstrap-executor-0] c.n.d.s.r.aws.ConfigClusterResolver      : Resolving eureka endpoints via configuration
2019-09-25 15:24:36.337  INFO 13248 --- [AsyncResolver-bootstrap-executor-0] c.n.d.s.r.aws.ConfigClusterResolver      : Resolving eureka endpoints via configuration
2019-09-25 15:29:36.355  INFO 13248 --- [AsyncResolver-bootstrap-executor-0] c.n.d.s.r.aws.ConfigClusterResolver      : Resolving eureka endpoints via configuration
2019-09-25 15:34:36.376  INFO 13248 --- [AsyncResolver-bootstrap-executor-0] c.n.d.s.r.aws.ConfigClusterResolver      : Resolving eureka endpoints via configuration
2019-09-25 15:39:36.398  INFO 13248 --- [AsyncResolver-bootstrap-executor-0] c.n.d.s.r.aws.ConfigClusterResolver      : Resolving eureka endpoints via configuration
2019-09-25 15:44:36.471  INFO 13248 --- [AsyncResolver-bootstrap-executor-0] c.n.d.s.r.aws.ConfigClusterResolver      : Resolving eureka endpoints via configuration
2019-09-25 15:49:36.483  INFO 13248 --- [AsyncResolver-bootstrap-executor-0] c.n.d.s.r.aws.ConfigClusterResolver      : Resolving eureka endpoints via configuration
2019-09-25 15:54:36.531  INFO 13248 --- [AsyncResolver-bootstrap-executor-0] c.n.d.s.r.aws.ConfigClusterResolver      : Resolving eureka endpoints via configuration
2019-09-25 15:59:36.551  INFO 13248 --- [AsyncResolver-bootstrap-executor-0] c.n.d.s.r.aws.ConfigClusterResolver      : Resolving eureka endpoints via configuration
2019-09-25 16:04:36.566  INFO 13248 --- [AsyncResolver-bootstrap-executor-0] c.n.d.s.r.aws.ConfigClusterResolver      : Resolving eureka endpoints via configuration
2019-09-25 16:07:37.884  INFO 13248 --- [RMI TCP Connection(326)-127.0.0.1] inMXBeanRegistrar$SpringApplicationAdmin : Application shutdown requested.
2019-09-25 16:07:39.147  INFO 13248 --- [RMI TCP Connection(326)-127.0.0.1] o.s.c.n.e.s.EurekaServiceRegistry        : Unregistering application POLL-SERVICE with eureka with status DOWN
2019-09-25 16:07:39.380  WARN 13248 --- [RMI TCP Connection(326)-127.0.0.1] com.netflix.discovery.DiscoveryClient    : Saw local status change event StatusChangeEvent [timestamp=1569407859364, current=DOWN, previous=UP]
2019-09-25 16:07:39.422  INFO 13248 --- [DiscoveryClient-InstanceInfoReplicator-0] com.netflix.discovery.DiscoveryClient    : DiscoveryClient_POLL-SERVICE/BOLD-AnchalM.LCINDIA.LOCAL:poll-service:8187: registering service...
2019-09-25 16:07:39.896  INFO 13248 --- [DiscoveryClient-InstanceInfoReplicator-0] com.netflix.discovery.DiscoveryClient    : DiscoveryClient_POLL-SERVICE/BOLD-AnchalM.LCINDIA.LOCAL:poll-service:8187 - registration status: 204
2019-09-25 16:07:43.003  INFO 13248 --- [RMI TCP Connection(326)-127.0.0.1] o.s.s.concurrent.ThreadPoolTaskExecutor  : Shutting down ExecutorService 'applicationTaskExecutor'
2019-09-25 16:07:44.288  INFO 13248 --- [RMI TCP Connection(326)-127.0.0.1] j.LocalContainerEntityManagerFactoryBean : Closing JPA EntityManagerFactory for persistence unit 'default'
2019-09-25 16:07:48.399  INFO 13248 --- [RMI TCP Connection(326)-127.0.0.1] com.netflix.discovery.DiscoveryClient    : Shutting down DiscoveryClient ...
2019-09-25 16:07:51.435  INFO 13248 --- [RMI TCP Connection(326)-127.0.0.1] com.netflix.discovery.DiscoveryClient    : Unregistering ...
2019-09-25 16:07:51.661  INFO 13248 --- [RMI TCP Connection(326)-127.0.0.1] com.netflix.discovery.DiscoveryClient    : DiscoveryClient_POLL-SERVICE/BOLD-AnchalM.LCINDIA.LOCAL:poll-service:8187 - deregister  status: 200
2019-09-25 16:07:52.255  INFO 13248 --- [RMI TCP Connection(326)-127.0.0.1] com.netflix.discovery.DiscoveryClient    : Completed shut down of DiscoveryClient
2019-09-25 16:07:52.382  INFO 13248 --- [RMI TCP Connection(326)-127.0.0.1] com.zaxxer.hikari.HikariDataSource       : HikariPool-1 - Shutdown initiated...
2019-09-25 16:07:52.709  INFO 13248 --- [RMI TCP Connection(326)-127.0.0.1] com.zaxxer.hikari.HikariDataSource       : HikariPool-1 - Shutdown completed.
2019-09-25 16:07:53.585  INFO 13248 --- [RMI TCP Connection(326)-127.0.0.1] o.apache.catalina.core.StandardService   : Stopping service [Tomcat]
2019-09-25 16:07:54.293  INFO 13248 --- [RMI TCP Connection(326)-127.0.0.1] o.a.c.c.C.[Tomcat].[localhost].[/]       : Destroying Spring FrameworkServlet 'dispatcherServlet'
