2019-09-24 11:23:24.601  INFO 9240 --- [main] .s.d.r.c.RepositoryConfigurationDelegate : Multiple Spring Data modules found, entering strict repository configuration mode!
2019-09-24 11:23:24.601  INFO 9240 --- [main] .s.d.r.c.RepositoryConfigurationDelegate : Bootstrapping Spring Data repositories in DEFAULT mode.
2019-09-24 11:23:24.643  INFO 9240 --- [main] .RepositoryConfigurationExtensionSupport : Spring Data JPA - Could not safely identify store assignment for repository candidate interface com.sms.repository.AttendanceRepository.
2019-09-24 11:23:24.683  INFO 9240 --- [main] .s.d.r.c.RepositoryConfigurationDelegate : Finished Spring Data repository scanning in 74ms. Found 2 repository interfaces.
2019-09-24 11:23:24.690  INFO 9240 --- [main] .s.d.r.c.RepositoryConfigurationDelegate : Multiple Spring Data modules found, entering strict repository configuration mode!
2019-09-24 11:23:24.690  INFO 9240 --- [main] .s.d.r.c.RepositoryConfigurationDelegate : Bootstrapping Spring Data repositories in DEFAULT mode.
2019-09-24 11:23:24.701  INFO 9240 --- [main] .RepositoryConfigurationExtensionSupport : Spring Data MongoDB - Could not safely identify store assignment for repository candidate interface com.sms.repository.RoleRepository.
2019-09-24 11:23:24.703  INFO 9240 --- [main] .RepositoryConfigurationExtensionSupport : Spring Data MongoDB - Could not safely identify store assignment for repository candidate interface com.sms.repository.UserRepository.
2019-09-24 11:23:24.708  INFO 9240 --- [main] .s.d.r.c.RepositoryConfigurationDelegate : Finished Spring Data repository scanning in 17ms. Found 1 repository interfaces.
2019-09-24 11:23:24.715  INFO 9240 --- [main] .s.d.r.c.RepositoryConfigurationDelegate : Multiple Spring Data modules found, entering strict repository configuration mode!
2019-09-24 11:23:24.716  INFO 9240 --- [main] .s.d.r.c.RepositoryConfigurationDelegate : Bootstrapping Spring Data repositories in DEFAULT mode.
2019-09-24 11:23:24.729  INFO 9240 --- [main] .RepositoryConfigurationExtensionSupport : Spring Data Redis - Could not safely identify store assignment for repository candidate interface com.sms.repository.AttendanceRepository.
2019-09-24 11:23:24.729  INFO 9240 --- [main] .RepositoryConfigurationExtensionSupport : Spring Data Redis - Could not safely identify store assignment for repository candidate interface com.sms.repository.RoleRepository.
2019-09-24 11:23:24.729  INFO 9240 --- [main] .RepositoryConfigurationExtensionSupport : Spring Data Redis - Could not safely identify store assignment for repository candidate interface com.sms.repository.UserRepository.
2019-09-24 11:23:24.729  INFO 9240 --- [main] .s.d.r.c.RepositoryConfigurationDelegate : Finished Spring Data repository scanning in 7ms. Found 0 repository interfaces.
2019-09-24 11:23:24.829  WARN 9240 --- [main] o.s.boot.actuate.endpoint.EndpointId     : Endpoint ID 'service-registry' contains invalid characters, please migrate to a valid format.
2019-09-24 11:23:25.083  INFO 9240 --- [main] o.s.cloud.context.scope.GenericScope     : BeanFactory id=c6399128-aef6-3acc-b801-e99afa875d38
2019-09-24 11:23:25.155  INFO 9240 --- [main] trationDelegate$BeanPostProcessorChecker : Bean 'org.springframework.kafka.annotation.KafkaBootstrapConfiguration' of type [org.springframework.kafka.annotation.KafkaBootstrapConfiguration$$EnhancerBySpringCGLIB$$c63a72e3] is not eligible for getting processed by all BeanPostProcessors (for example: not eligible for auto-proxying)
2019-09-24 11:23:25.253  INFO 9240 --- [main] trationDelegate$BeanPostProcessorChecker : Bean 'org.springframework.transaction.annotation.ProxyTransactionManagementConfiguration' of type [org.springframework.transaction.annotation.ProxyTransactionManagementConfiguration$$EnhancerBySpringCGLIB$$f2886160] is not eligible for getting processed by all BeanPostProcessors (for example: not eligible for auto-proxying)
2019-09-24 11:23:25.291  INFO 9240 --- [main] trationDelegate$BeanPostProcessorChecker : Bean 'org.springframework.security.config.annotation.configuration.ObjectPostProcessorConfiguration' of type [org.springframework.security.config.annotation.configuration.ObjectPostProcessorConfiguration$$EnhancerBySpringCGLIB$$8b36299a] is not eligible for getting processed by all BeanPostProcessors (for example: not eligible for auto-proxying)
2019-09-24 11:23:25.298  INFO 9240 --- [main] trationDelegate$BeanPostProcessorChecker : Bean 'objectPostProcessor' of type [org.springframework.security.config.annotation.configuration.AutowireBeanFactoryObjectPostProcessor] is not eligible for getting processed by all BeanPostProcessors (for example: not eligible for auto-proxying)
2019-09-24 11:23:25.300  INFO 9240 --- [main] trationDelegate$BeanPostProcessorChecker : Bean 'org.springframework.security.access.expression.method.DefaultMethodSecurityExpressionHandler@66ec4409' of type [org.springframework.security.access.expression.method.DefaultMethodSecurityExpressionHandler] is not eligible for getting processed by all BeanPostProcessors (for example: not eligible for auto-proxying)
2019-09-24 11:23:25.306  INFO 9240 --- [main] trationDelegate$BeanPostProcessorChecker : Bean 'org.springframework.security.config.annotation.method.configuration.GlobalMethodSecurityConfiguration' of type [org.springframework.security.config.annotation.method.configuration.GlobalMethodSecurityConfiguration$$EnhancerBySpringCGLIB$$b00acc4c] is not eligible for getting processed by all BeanPostProcessors (for example: not eligible for auto-proxying)
2019-09-24 11:23:25.314  INFO 9240 --- [main] trationDelegate$BeanPostProcessorChecker : Bean 'org.springframework.security.config.annotation.method.configuration.Jsr250MetadataSourceConfiguration' of type [org.springframework.security.config.annotation.method.configuration.Jsr250MetadataSourceConfiguration$$EnhancerBySpringCGLIB$$d55fe462] is not eligible for getting processed by all BeanPostProcessors (for example: not eligible for auto-proxying)
2019-09-24 11:23:25.317  INFO 9240 --- [main] trationDelegate$BeanPostProcessorChecker : Bean 'jsr250MethodSecurityMetadataSource' of type [org.springframework.security.access.annotation.Jsr250MethodSecurityMetadataSource] is not eligible for getting processed by all BeanPostProcessors (for example: not eligible for auto-proxying)
2019-09-24 11:23:25.318  INFO 9240 --- [main] trationDelegate$BeanPostProcessorChecker : Bean 'methodSecurityMetadataSource' of type [org.springframework.security.access.method.DelegatingMethodSecurityMetadataSource] is not eligible for getting processed by all BeanPostProcessors (for example: not eligible for auto-proxying)
2019-09-24 11:23:25.337  INFO 9240 --- [main] trationDelegate$BeanPostProcessorChecker : Bean 'org.springframework.cloud.autoconfigure.ConfigurationPropertiesRebinderAutoConfiguration' of type [org.springframework.cloud.autoconfigure.ConfigurationPropertiesRebinderAutoConfiguration$$EnhancerBySpringCGLIB$$ea2645d] is not eligible for getting processed by all BeanPostProcessors (for example: not eligible for auto-proxying)
2019-09-24 11:23:25.669  INFO 9240 --- [main] o.s.b.w.embedded.tomcat.TomcatWebServer  : Tomcat initialized with port(s): 8087 (http)
2019-09-24 11:23:25.698  INFO 9240 --- [main] o.apache.catalina.core.StandardService   : Starting service [Tomcat]
2019-09-24 11:23:25.698  INFO 9240 --- [main] org.apache.catalina.core.StandardEngine  : Starting Servlet engine: [Apache Tomcat/9.0.24]
2019-09-24 11:23:25.860  INFO 9240 --- [main] o.a.c.c.C.[Tomcat].[localhost].[/]       : Initializing Spring embedded WebApplicationContext
2019-09-24 11:23:25.860  INFO 9240 --- [main] o.s.web.context.ContextLoader            : Root WebApplicationContext: initialization completed in 4370 ms
2019-09-24 11:23:26.295  WARN 9240 --- [main] c.n.c.sources.URLConfigurationSource     : No URLs will be polled as dynamic configuration sources.
2019-09-24 11:23:26.296  INFO 9240 --- [main] c.n.c.sources.URLConfigurationSource     : To enable URLs as dynamic configuration sources, define System property archaius.configurationSource.additionalUrls or make config.properties available on classpath.
2019-09-24 11:23:26.302  INFO 9240 --- [main] c.netflix.config.DynamicPropertyFactory  : DynamicPropertyFactory is initialized with configuration sources: com.netflix.config.ConcurrentCompositeConfiguration@6b867ee7
2019-09-24 11:23:27.188  INFO 9240 --- [main] org.mongodb.driver.cluster               : Cluster created with settings {hosts=[localhost:27017], mode=SINGLE, requiredClusterType=UNKNOWN, serverSelectionTimeout='30000 ms', maxWaitQueueSize=500}
2019-09-24 11:23:27.287  INFO 9240 --- [cluster-ClusterId{value='5d89af57e6418a24187af8d5', description='null'}-localhost:27017] org.mongodb.driver.connection            : Opened connection [connectionId{localValue:1, serverValue:914}] to localhost:27017
2019-09-24 11:23:27.291  INFO 9240 --- [cluster-ClusterId{value='5d89af57e6418a24187af8d5', description='null'}-localhost:27017] org.mongodb.driver.cluster               : Monitor thread successfully connected to server with description ServerDescription{address=localhost:27017, type=STANDALONE, state=CONNECTED, ok=true, version=ServerVersion{versionList=[4, 0, 11]}, minWireVersion=0, maxWireVersion=7, maxDocumentSize=16777216, logicalSessionTimeoutMinutes=30, roundTripTimeNanos=2840197}
2019-09-24 11:23:29.612  INFO 9240 --- [main] com.zaxxer.hikari.HikariDataSource       : HikariPool-1 - Starting...
2019-09-24 11:23:29.743  INFO 9240 --- [main] com.zaxxer.hikari.HikariDataSource       : HikariPool-1 - Start completed.
2019-09-24 11:23:29.786  INFO 9240 --- [main] o.hibernate.jpa.internal.util.LogHelper  : HHH000204: Processing PersistenceUnitInfo [
	name: default
	...]
2019-09-24 11:23:29.842  INFO 9240 --- [main] org.hibernate.Version                    : HHH000412: Hibernate Core {5.3.11.Final}
2019-09-24 11:23:29.845  INFO 9240 --- [main] org.hibernate.cfg.Environment            : HHH000206: hibernate.properties not found
2019-09-24 11:23:29.957  INFO 9240 --- [main] o.hibernate.annotations.common.Version   : HCANN000001: Hibernate Commons Annotations {5.0.4.Final}
2019-09-24 11:23:30.120  INFO 9240 --- [main] org.hibernate.dialect.Dialect            : HHH000400: Using dialect: org.hibernate.dialect.MySQL5InnoDBDialect
2019-09-24 11:23:31.830  INFO 9240 --- [main] j.LocalContainerEntityManagerFactoryBean : Initialized JPA EntityManagerFactory for persistence unit 'default'
2019-09-24 11:23:32.315  INFO 9240 --- [main] f.a.AutowiredAnnotationBeanPostProcessor : Autowired annotation is not supported on static fields: private static java.lang.String com.sms.service.AttendanceServiceImpl.pattern
2019-09-24 11:23:32.466  INFO 9240 --- [main] f.a.AutowiredAnnotationBeanPostProcessor : Autowired annotation is not supported on static fields: private static java.lang.String com.sms.kafka.Producer.TOPIC
2019-09-24 11:23:32.766  WARN 9240 --- [main] aWebConfiguration$JpaWebMvcConfiguration : spring.jpa.open-in-view is enabled by default. Therefore, database queries may be performed during view rendering. Explicitly configure spring.jpa.open-in-view to disable this warning
2019-09-24 11:23:32.934  INFO 9240 --- [main] o.s.b.a.e.web.EndpointLinksResolver      : Exposing 20 endpoint(s) beneath base path '/actuator'
2019-09-24 11:23:33.116  INFO 9240 --- [main] o.s.s.web.DefaultSecurityFilterChain     : Creating filter chain: Ant [pattern='/*/'], []
2019-09-24 11:23:33.116  INFO 9240 --- [main] o.s.s.web.DefaultSecurityFilterChain     : Creating filter chain: Ant [pattern='/eureka/**'], []
2019-09-24 11:23:33.116  INFO 9240 --- [main] o.s.s.web.DefaultSecurityFilterChain     : Creating filter chain: Ant [pattern='/v2/api-docs'], []
2019-09-24 11:23:33.116  INFO 9240 --- [main] o.s.s.web.DefaultSecurityFilterChain     : Creating filter chain: Ant [pattern='/configuration/ui'], []
2019-09-24 11:23:33.116  INFO 9240 --- [main] o.s.s.web.DefaultSecurityFilterChain     : Creating filter chain: Ant [pattern='/swagger-resources'], []
2019-09-24 11:23:33.116  INFO 9240 --- [main] o.s.s.web.DefaultSecurityFilterChain     : Creating filter chain: Ant [pattern='/configuration/security'], []
2019-09-24 11:23:33.116  INFO 9240 --- [main] o.s.s.web.DefaultSecurityFilterChain     : Creating filter chain: Ant [pattern='/swagger-ui.html'], []
2019-09-24 11:23:33.116  INFO 9240 --- [main] o.s.s.web.DefaultSecurityFilterChain     : Creating filter chain: Ant [pattern='/webjars/**'], []
2019-09-24 11:23:33.116  INFO 9240 --- [main] o.s.s.web.DefaultSecurityFilterChain     : Creating filter chain: Ant [pattern='/**', OPTIONS], []
2019-09-24 11:23:33.223  INFO 9240 --- [main] o.s.s.web.DefaultSecurityFilterChain     : Creating filter chain: any request, [org.springframework.security.web.context.request.async.WebAsyncManagerIntegrationFilter@1e9b0c92, org.springframework.security.web.context.SecurityContextPersistenceFilter@62b0792, org.springframework.security.web.header.HeaderWriterFilter@5abc488d, org.springframework.web.filter.CorsFilter@5bfeb9ba, org.springframework.security.web.authentication.logout.LogoutFilter@6ae5e1cf, com.sms.security.JWTAuthenticationFilter@31e84f10, org.springframework.security.web.savedrequest.RequestCacheAwareFilter@121c1a08, org.springframework.security.web.servletapi.SecurityContextHolderAwareRequestFilter@11a29c0, org.springframework.security.web.authentication.AnonymousAuthenticationFilter@4cf1bd4a, org.springframework.security.web.session.SessionManagementFilter@46ef7340, org.springframework.security.web.access.ExceptionTranslationFilter@401d83ce, org.springframework.security.web.access.intercept.FilterSecurityInterceptor@11a0c708]
2019-09-24 11:23:33.247  WARN 9240 --- [main] c.n.c.sources.URLConfigurationSource     : No URLs will be polled as dynamic configuration sources.
2019-09-24 11:23:33.247  INFO 9240 --- [main] c.n.c.sources.URLConfigurationSource     : To enable URLs as dynamic configuration sources, define System property archaius.configurationSource.additionalUrls or make config.properties available on classpath.
2019-09-24 11:23:33.311  INFO 9240 --- [main] o.s.s.concurrent.ThreadPoolTaskExecutor  : Initializing ExecutorService 'applicationTaskExecutor'
2019-09-24 11:23:34.221  INFO 9240 --- [main] o.s.c.n.eureka.InstanceInfoFactory       : Setting initial instance status as: STARTING
2019-09-24 11:23:34.250  INFO 9240 --- [main] com.netflix.discovery.DiscoveryClient    : Initializing Eureka in region us-east-1
2019-09-24 11:23:34.312  INFO 9240 --- [main] c.n.d.provider.DiscoveryJerseyProvider   : Using JSON encoding codec LegacyJacksonJson
2019-09-24 11:23:34.312  INFO 9240 --- [main] c.n.d.provider.DiscoveryJerseyProvider   : Using JSON decoding codec LegacyJacksonJson
2019-09-24 11:23:34.392  INFO 9240 --- [main] c.n.d.provider.DiscoveryJerseyProvider   : Using XML encoding codec XStreamXml
2019-09-24 11:23:34.392  INFO 9240 --- [main] c.n.d.provider.DiscoveryJerseyProvider   : Using XML decoding codec XStreamXml
2019-09-24 11:23:34.519  INFO 9240 --- [main] c.n.d.s.r.aws.ConfigClusterResolver      : Resolving eureka endpoints via configuration
2019-09-24 11:23:34.634  INFO 9240 --- [main] com.netflix.discovery.DiscoveryClient    : Disable delta property : false
2019-09-24 11:23:34.634  INFO 9240 --- [main] com.netflix.discovery.DiscoveryClient    : Single vip registry refresh property : null
2019-09-24 11:23:34.635  INFO 9240 --- [main] com.netflix.discovery.DiscoveryClient    : Force full registry fetch : false
2019-09-24 11:23:34.635  INFO 9240 --- [main] com.netflix.discovery.DiscoveryClient    : Application is null : false
2019-09-24 11:23:34.635  INFO 9240 --- [main] com.netflix.discovery.DiscoveryClient    : Registered Applications size is zero : true
2019-09-24 11:23:34.635  INFO 9240 --- [main] com.netflix.discovery.DiscoveryClient    : Application version is -1: true
2019-09-24 11:23:34.635  INFO 9240 --- [main] com.netflix.discovery.DiscoveryClient    : Getting all instance registry info from the eureka server
2019-09-24 11:23:34.754  INFO 9240 --- [main] com.netflix.discovery.DiscoveryClient    : The response status is 200
2019-09-24 11:23:34.755  INFO 9240 --- [main] com.netflix.discovery.DiscoveryClient    : Starting heartbeat executor: renew interval is: 5
2019-09-24 11:23:34.757  INFO 9240 --- [main] c.n.discovery.InstanceInfoReplicator     : InstanceInfoReplicator onDemand update allowed rate per min is 4
2019-09-24 11:23:34.760  INFO 9240 --- [main] com.netflix.discovery.DiscoveryClient    : Discovery Client initialized at timestamp 1569304414759 with initial instances count: 0
2019-09-24 11:23:34.767  INFO 9240 --- [main] o.s.c.n.e.s.EurekaServiceRegistry        : Registering application ATTENDANCE-SERVICE with eureka with status UP
2019-09-24 11:23:34.767  INFO 9240 --- [main] com.netflix.discovery.DiscoveryClient    : Saw local status change event StatusChangeEvent [timestamp=1569304414767, current=UP, previous=STARTING]
2019-09-24 11:23:34.768  WARN 9240 --- [main] c.n.discovery.InstanceInfoReplicator     : Ignoring onDemand update due to rate limiter
2019-09-24 11:23:34.781  INFO 9240 --- [main] d.s.w.p.DocumentationPluginsBootstrapper : Context refreshed
2019-09-24 11:23:34.811  INFO 9240 --- [main] d.s.w.p.DocumentationPluginsBootstrapper : Found 1 custom documentation plugin(s)
2019-09-24 11:23:34.815  INFO 9240 --- [DiscoveryClient-InstanceInfoReplicator-0] org.mongodb.driver.connection            : Opened connection [connectionId{localValue:2, serverValue:915}] to localhost:27017
2019-09-24 11:23:34.824  INFO 9240 --- [main] s.d.s.w.s.ApiListingReferenceScanner     : Scanning for api listing references
2019-09-24 11:23:34.836  INFO 9240 --- [DiscoveryClient-InstanceInfoReplicator-0] c.c.c.ConfigServicePropertySourceLocator : Fetching config from server at : http://localhost:8888
2019-09-24 11:23:34.961  INFO 9240 --- [main] o.s.b.w.embedded.tomcat.TomcatWebServer  : Tomcat started on port(s): 8087 (http) with context path ''
2019-09-24 11:23:34.962  INFO 9240 --- [main] .s.c.n.e.s.EurekaAutoServiceRegistration : Updating port to 8087
2019-09-24 11:23:35.914  INFO 9240 --- [DiscoveryClient-InstanceInfoReplicator-0] c.c.c.ConfigServicePropertySourceLocator : Located environment: name=attendance-service, profiles=[development], label=null, version=5adeb27984a7b5cb2976113b8ca270f41cb9cb9b, state=null
2019-09-24 11:23:35.918  INFO 9240 --- [DiscoveryClient-InstanceInfoReplicator-0] com.netflix.discovery.DiscoveryClient    : DiscoveryClient_ATTENDANCE-SERVICE/BOLD-AnchalM.LCINDIA.LOCAL:attendance-service:8087: registering service...
2019-09-24 11:23:35.973  INFO 9240 --- [DiscoveryClient-InstanceInfoReplicator-0] com.netflix.discovery.DiscoveryClient    : DiscoveryClient_ATTENDANCE-SERVICE/BOLD-AnchalM.LCINDIA.LOCAL:attendance-service:8087 - registration status: 204
2019-09-24 11:24:04.758  INFO 9240 --- [DiscoveryClient-CacheRefreshExecutor-0] com.netflix.discovery.DiscoveryClient    : Disable delta property : false
2019-09-24 11:24:04.759  INFO 9240 --- [DiscoveryClient-CacheRefreshExecutor-0] com.netflix.discovery.DiscoveryClient    : Single vip registry refresh property : null
2019-09-24 11:24:04.760  INFO 9240 --- [DiscoveryClient-CacheRefreshExecutor-0] com.netflix.discovery.DiscoveryClient    : Force full registry fetch : false
2019-09-24 11:24:04.760  INFO 9240 --- [DiscoveryClient-CacheRefreshExecutor-0] com.netflix.discovery.DiscoveryClient    : Application is null : false
2019-09-24 11:24:04.761  INFO 9240 --- [DiscoveryClient-CacheRefreshExecutor-0] com.netflix.discovery.DiscoveryClient    : Registered Applications size is zero : true
2019-09-24 11:24:04.761  INFO 9240 --- [DiscoveryClient-CacheRefreshExecutor-0] com.netflix.discovery.DiscoveryClient    : Application version is -1: false
2019-09-24 11:24:04.762  INFO 9240 --- [DiscoveryClient-CacheRefreshExecutor-0] com.netflix.discovery.DiscoveryClient    : Getting all instance registry info from the eureka server
2019-09-24 11:24:04.856  INFO 9240 --- [DiscoveryClient-CacheRefreshExecutor-0] com.netflix.discovery.DiscoveryClient    : The response status is 200
2019-09-24 11:24:44.142  INFO 9240 --- [http-nio-8087-exec-1] o.a.c.c.C.[Tomcat].[localhost].[/]       : Initializing Spring DispatcherServlet 'dispatcherServlet'
2019-09-24 11:24:44.142  INFO 9240 --- [http-nio-8087-exec-1] o.s.web.servlet.DispatcherServlet        : Initializing Servlet 'dispatcherServlet'
2019-09-24 11:24:44.157  INFO 9240 --- [http-nio-8087-exec-1] o.s.web.servlet.DispatcherServlet        : Completed initialization in 15 ms
2019-09-24 11:24:44.438 DEBUG 9240 --- [http-nio-8087-exec-1] org.hibernate.SQL                        : select user0_.id as id1_3_0_, user0_.created_at as created_2_3_0_, user0_.updated_at as updated_3_3_0_, user0_.active as active4_3_0_, user0_.email as email5_3_0_, user0_.enabled as enabled6_3_0_, user0_.is_expired as is_expir7_3_0_, user0_.is_locked as is_locke8_3_0_, user0_.name as name9_3_0_, user0_.password as passwor10_3_0_, user0_.username as usernam11_3_0_, user0_.uuid as uuid12_3_0_ from users user0_ where user0_.id=?
2019-09-24 11:24:44.550 DEBUG 9240 --- [http-nio-8087-exec-1] org.hibernate.SQL                        : select roles0_.user_id as user_id1_2_0_, roles0_.role_id as role_id2_2_0_, role1_.id as id1_0_1_, role1_.name as name2_0_1_ from user_roles roles0_ inner join roles role1_ on roles0_.role_id=role1_.id where roles0_.user_id=?
2019-09-24 11:24:44.726 DEBUG 9240 --- [http-nio-8087-exec-1] org.hibernate.SQL                        : select user0_.id as id1_3_0_, user0_.created_at as created_2_3_0_, user0_.updated_at as updated_3_3_0_, user0_.active as active4_3_0_, user0_.email as email5_3_0_, user0_.enabled as enabled6_3_0_, user0_.is_expired as is_expir7_3_0_, user0_.is_locked as is_locke8_3_0_, user0_.name as name9_3_0_, user0_.password as passwor10_3_0_, user0_.username as usernam11_3_0_, user0_.uuid as uuid12_3_0_ from users user0_ where user0_.id=?
2019-09-24 11:24:44.744 ERROR 9240 --- [http-nio-8087-exec-1] o.a.c.c.C.[.[.[/].[dispatcherServlet]    : Servlet.service() for servlet [dispatcherServlet] in context with path [] threw exception [Request processing failed; nested exception is java.lang.IndexOutOfBoundsException: Index: 0, Size: 0] with root cause

java.lang.IndexOutOfBoundsException: Index: 0, Size: 0
	at java.util.ArrayList.rangeCheck(Unknown Source) ~[na:1.8.0_212]
	at java.util.ArrayList.get(Unknown Source) ~[na:1.8.0_212]
	at com.sms.service.AttendanceServiceImpl.getStudentbyID(AttendanceServiceImpl.java:99) ~[classes/:na]
	at com.sms.service.AttendanceServiceImpl.markStudentPresent(AttendanceServiceImpl.java:74) ~[classes/:na]
	at com.sms.controller.AttendanceController.markStudentPresent(AttendanceController.java:42) ~[classes/:na]
	at com.sms.controller.AttendanceController$$FastClassBySpringCGLIB$$d6452415.invoke(<generated>) ~[classes/:na]
	at org.springframework.cglib.proxy.MethodProxy.invoke(MethodProxy.java:218) ~[spring-core-5.1.9.RELEASE.jar:5.1.9.RELEASE]
	at org.springframework.aop.framework.CglibAopProxy$CglibMethodInvocation.invokeJoinpoint(CglibAopProxy.java:749) ~[spring-aop-5.1.9.RELEASE.jar:5.1.9.RELEASE]
	at org.springframework.aop.framework.ReflectiveMethodInvocation.proceed(ReflectiveMethodInvocation.java:163) ~[spring-aop-5.1.9.RELEASE.jar:5.1.9.RELEASE]
	at org.springframework.security.access.intercept.aopalliance.MethodSecurityInterceptor.invoke(MethodSecurityInterceptor.java:69) ~[spring-security-core-5.1.6.RELEASE.jar:5.1.6.RELEASE]
	at org.springframework.aop.framework.ReflectiveMethodInvocation.proceed(ReflectiveMethodInvocation.java:186) ~[spring-aop-5.1.9.RELEASE.jar:5.1.9.RELEASE]
	at org.springframework.aop.framework.CglibAopProxy$DynamicAdvisedInterceptor.intercept(CglibAopProxy.java:688) ~[spring-aop-5.1.9.RELEASE.jar:5.1.9.RELEASE]
	at com.sms.controller.AttendanceController$$EnhancerBySpringCGLIB$$a2691876.markStudentPresent(<generated>) ~[classes/:na]
	at sun.reflect.NativeMethodAccessorImpl.invoke0(Native Method) ~[na:1.8.0_212]
	at sun.reflect.NativeMethodAccessorImpl.invoke(Unknown Source) ~[na:1.8.0_212]
	at sun.reflect.DelegatingMethodAccessorImpl.invoke(Unknown Source) ~[na:1.8.0_212]
	at java.lang.reflect.Method.invoke(Unknown Source) ~[na:1.8.0_212]
	at org.springframework.web.method.support.InvocableHandlerMethod.doInvoke(InvocableHandlerMethod.java:190) ~[spring-web-5.1.9.RELEASE.jar:5.1.9.RELEASE]
	at org.springframework.web.method.support.InvocableHandlerMethod.invokeForRequest(InvocableHandlerMethod.java:138) ~[spring-web-5.1.9.RELEASE.jar:5.1.9.RELEASE]
	at org.springframework.web.servlet.mvc.method.annotation.ServletInvocableHandlerMethod.invokeAndHandle(ServletInvocableHandlerMethod.java:104) ~[spring-webmvc-5.1.9.RELEASE.jar:5.1.9.RELEASE]
	at org.springframework.web.servlet.mvc.method.annotation.RequestMappingHandlerAdapter.invokeHandlerMethod(RequestMappingHandlerAdapter.java:892) ~[spring-webmvc-5.1.9.RELEASE.jar:5.1.9.RELEASE]
	at org.springframework.web.servlet.mvc.method.annotation.RequestMappingHandlerAdapter.handleInternal(RequestMappingHandlerAdapter.java:797) ~[spring-webmvc-5.1.9.RELEASE.jar:5.1.9.RELEASE]
	at org.springframework.web.servlet.mvc.method.AbstractHandlerMethodAdapter.handle(AbstractHandlerMethodAdapter.java:87) ~[spring-webmvc-5.1.9.RELEASE.jar:5.1.9.RELEASE]
	at org.springframework.web.servlet.DispatcherServlet.doDispatch(DispatcherServlet.java:1039) ~[spring-webmvc-5.1.9.RELEASE.jar:5.1.9.RELEASE]
	at org.springframework.web.servlet.DispatcherServlet.doService(DispatcherServlet.java:942) ~[spring-webmvc-5.1.9.RELEASE.jar:5.1.9.RELEASE]
	at org.springframework.web.servlet.FrameworkServlet.processRequest(FrameworkServlet.java:1005) ~[spring-webmvc-5.1.9.RELEASE.jar:5.1.9.RELEASE]
	at org.springframework.web.servlet.FrameworkServlet.doPost(FrameworkServlet.java:908) ~[spring-webmvc-5.1.9.RELEASE.jar:5.1.9.RELEASE]
	at javax.servlet.http.HttpServlet.service(HttpServlet.java:660) ~[tomcat-embed-core-9.0.24.jar:9.0.24]
	at org.springframework.web.servlet.FrameworkServlet.service(FrameworkServlet.java:882) ~[spring-webmvc-5.1.9.RELEASE.jar:5.1.9.RELEASE]
	at javax.servlet.http.HttpServlet.service(HttpServlet.java:741) ~[tomcat-embed-core-9.0.24.jar:9.0.24]
	at org.apache.catalina.core.ApplicationFilterChain.internalDoFilter(ApplicationFilterChain.java:231) ~[tomcat-embed-core-9.0.24.jar:9.0.24]
	at org.apache.catalina.core.ApplicationFilterChain.doFilter(ApplicationFilterChain.java:166) ~[tomcat-embed-core-9.0.24.jar:9.0.24]
	at org.apache.tomcat.websocket.server.WsFilter.doFilter(WsFilter.java:53) ~[tomcat-embed-websocket-9.0.24.jar:9.0.24]
	at org.apache.catalina.core.ApplicationFilterChain.internalDoFilter(ApplicationFilterChain.java:193) ~[tomcat-embed-core-9.0.24.jar:9.0.24]
	at org.apache.catalina.core.ApplicationFilterChain.doFilter(ApplicationFilterChain.java:166) ~[tomcat-embed-core-9.0.24.jar:9.0.24]
	at org.springframework.web.filter.OncePerRequestFilter.doFilter(OncePerRequestFilter.java:112) ~[spring-web-5.1.9.RELEASE.jar:5.1.9.RELEASE]
	at org.apache.catalina.core.ApplicationFilterChain.internalDoFilter(ApplicationFilterChain.java:193) ~[tomcat-embed-core-9.0.24.jar:9.0.24]
	at org.apache.catalina.core.ApplicationFilterChain.doFilter(ApplicationFilterChain.java:166) ~[tomcat-embed-core-9.0.24.jar:9.0.24]
	at org.springframework.boot.actuate.web.trace.servlet.HttpTraceFilter.doFilterInternal(HttpTraceFilter.java:88) ~[spring-boot-actuator-2.1.8.RELEASE.jar:2.1.8.RELEASE]
	at org.springframework.web.filter.OncePerRequestFilter.doFilter(OncePerRequestFilter.java:118) ~[spring-web-5.1.9.RELEASE.jar:5.1.9.RELEASE]
	at org.apache.catalina.core.ApplicationFilterChain.internalDoFilter(ApplicationFilterChain.java:193) ~[tomcat-embed-core-9.0.24.jar:9.0.24]
	at org.apache.catalina.core.ApplicationFilterChain.doFilter(ApplicationFilterChain.java:166) ~[tomcat-embed-core-9.0.24.jar:9.0.24]
	at org.springframework.security.web.FilterChainProxy$VirtualFilterChain.doFilter(FilterChainProxy.java:320) ~[spring-security-web-5.1.6.RELEASE.jar:5.1.6.RELEASE]
	at org.springframework.security.web.access.intercept.FilterSecurityInterceptor.invoke(FilterSecurityInterceptor.java:127) ~[spring-security-web-5.1.6.RELEASE.jar:5.1.6.RELEASE]
	at org.springframework.security.web.access.intercept.FilterSecurityInterceptor.doFilter(FilterSecurityInterceptor.java:91) ~[spring-security-web-5.1.6.RELEASE.jar:5.1.6.RELEASE]
	at org.springframework.security.web.FilterChainProxy$VirtualFilterChain.doFilter(FilterChainProxy.java:334) ~[spring-security-web-5.1.6.RELEASE.jar:5.1.6.RELEASE]
	at org.springframework.security.web.access.ExceptionTranslationFilter.doFilter(ExceptionTranslationFilter.java:119) ~[spring-security-web-5.1.6.RELEASE.jar:5.1.6.RELEASE]
	at org.springframework.security.web.FilterChainProxy$VirtualFilterChain.doFilter(FilterChainProxy.java:334) ~[spring-security-web-5.1.6.RELEASE.jar:5.1.6.RELEASE]
	at org.springframework.security.web.session.SessionManagementFilter.doFilter(SessionManagementFilter.java:137) ~[spring-security-web-5.1.6.RELEASE.jar:5.1.6.RELEASE]
	at org.springframework.security.web.FilterChainProxy$VirtualFilterChain.doFilter(FilterChainProxy.java:334) ~[spring-security-web-5.1.6.RELEASE.jar:5.1.6.RELEASE]
	at org.springframework.security.web.authentication.AnonymousAuthenticationFilter.doFilter(AnonymousAuthenticationFilter.java:111) ~[spring-security-web-5.1.6.RELEASE.jar:5.1.6.RELEASE]
	at org.springframework.security.web.FilterChainProxy$VirtualFilterChain.doFilter(FilterChainProxy.java:334) ~[spring-security-web-5.1.6.RELEASE.jar:5.1.6.RELEASE]
	at org.springframework.security.web.servletapi.SecurityContextHolderAwareRequestFilter.doFilter(SecurityContextHolderAwareRequestFilter.java:170) ~[spring-security-web-5.1.6.RELEASE.jar:5.1.6.RELEASE]
	at org.springframework.security.web.FilterChainProxy$VirtualFilterChain.doFilter(FilterChainProxy.java:334) ~[spring-security-web-5.1.6.RELEASE.jar:5.1.6.RELEASE]
	at org.springframework.security.web.savedrequest.RequestCacheAwareFilter.doFilter(RequestCacheAwareFilter.java:63) ~[spring-security-web-5.1.6.RELEASE.jar:5.1.6.RELEASE]
	at org.springframework.security.web.FilterChainProxy$VirtualFilterChain.doFilter(FilterChainProxy.java:334) ~[spring-security-web-5.1.6.RELEASE.jar:5.1.6.RELEASE]
	at com.sms.security.JWTAuthenticationFilter.doFilterInternal(JWTAuthenticationFilter.java:50) ~[classes/:na]
	at org.springframework.web.filter.OncePerRequestFilter.doFilter(OncePerRequestFilter.java:118) ~[spring-web-5.1.9.RELEASE.jar:5.1.9.RELEASE]
	at org.springframework.security.web.FilterChainProxy$VirtualFilterChain.doFilter(FilterChainProxy.java:334) ~[spring-security-web-5.1.6.RELEASE.jar:5.1.6.RELEASE]
	at org.springframework.security.web.authentication.logout.LogoutFilter.doFilter(LogoutFilter.java:116) ~[spring-security-web-5.1.6.RELEASE.jar:5.1.6.RELEASE]
	at org.springframework.security.web.FilterChainProxy$VirtualFilterChain.doFilter(FilterChainProxy.java:334) ~[spring-security-web-5.1.6.RELEASE.jar:5.1.6.RELEASE]
	at org.springframework.web.filter.CorsFilter.doFilterInternal(CorsFilter.java:96) ~[spring-web-5.1.9.RELEASE.jar:5.1.9.RELEASE]
	at org.springframework.web.filter.OncePerRequestFilter.doFilter(OncePerRequestFilter.java:118) ~[spring-web-5.1.9.RELEASE.jar:5.1.9.RELEASE]
	at org.springframework.security.web.FilterChainProxy$VirtualFilterChain.doFilter(FilterChainProxy.java:334) ~[spring-security-web-5.1.6.RELEASE.jar:5.1.6.RELEASE]
	at org.springframework.security.web.header.HeaderWriterFilter.doFilterInternal(HeaderWriterFilter.java:74) ~[spring-security-web-5.1.6.RELEASE.jar:5.1.6.RELEASE]
	at org.springframework.web.filter.OncePerRequestFilter.doFilter(OncePerRequestFilter.java:118) ~[spring-web-5.1.9.RELEASE.jar:5.1.9.RELEASE]
	at org.springframework.security.web.FilterChainProxy$VirtualFilterChain.doFilter(FilterChainProxy.java:334) ~[spring-security-web-5.1.6.RELEASE.jar:5.1.6.RELEASE]
	at org.springframework.security.web.context.SecurityContextPersistenceFilter.doFilter(SecurityContextPersistenceFilter.java:105) ~[spring-security-web-5.1.6.RELEASE.jar:5.1.6.RELEASE]
	at org.springframework.security.web.FilterChainProxy$VirtualFilterChain.doFilter(FilterChainProxy.java:334) ~[spring-security-web-5.1.6.RELEASE.jar:5.1.6.RELEASE]
	at org.springframework.security.web.context.request.async.WebAsyncManagerIntegrationFilter.doFilterInternal(WebAsyncManagerIntegrationFilter.java:56) ~[spring-security-web-5.1.6.RELEASE.jar:5.1.6.RELEASE]
	at org.springframework.web.filter.OncePerRequestFilter.doFilter(OncePerRequestFilter.java:118) ~[spring-web-5.1.9.RELEASE.jar:5.1.9.RELEASE]
	at org.springframework.security.web.FilterChainProxy$VirtualFilterChain.doFilter(FilterChainProxy.java:334) ~[spring-security-web-5.1.6.RELEASE.jar:5.1.6.RELEASE]
	at org.springframework.security.web.FilterChainProxy.doFilterInternal(FilterChainProxy.java:215) ~[spring-security-web-5.1.6.RELEASE.jar:5.1.6.RELEASE]
	at org.springframework.security.web.FilterChainProxy.doFilter(FilterChainProxy.java:178) ~[spring-security-web-5.1.6.RELEASE.jar:5.1.6.RELEASE]
	at org.springframework.web.filter.DelegatingFilterProxy.invokeDelegate(DelegatingFilterProxy.java:357) ~[spring-web-5.1.9.RELEASE.jar:5.1.9.RELEASE]
	at org.springframework.web.filter.DelegatingFilterProxy.doFilter(DelegatingFilterProxy.java:270) ~[spring-web-5.1.9.RELEASE.jar:5.1.9.RELEASE]
	at org.apache.catalina.core.ApplicationFilterChain.internalDoFilter(ApplicationFilterChain.java:193) ~[tomcat-embed-core-9.0.24.jar:9.0.24]
	at org.apache.catalina.core.ApplicationFilterChain.doFilter(ApplicationFilterChain.java:166) ~[tomcat-embed-core-9.0.24.jar:9.0.24]
	at org.springframework.web.filter.RequestContextFilter.doFilterInternal(RequestContextFilter.java:99) ~[spring-web-5.1.9.RELEASE.jar:5.1.9.RELEASE]
	at org.springframework.web.filter.OncePerRequestFilter.doFilter(OncePerRequestFilter.java:118) ~[spring-web-5.1.9.RELEASE.jar:5.1.9.RELEASE]
	at org.apache.catalina.core.ApplicationFilterChain.internalDoFilter(ApplicationFilterChain.java:193) ~[tomcat-embed-core-9.0.24.jar:9.0.24]
	at org.apache.catalina.core.ApplicationFilterChain.doFilter(ApplicationFilterChain.java:166) ~[tomcat-embed-core-9.0.24.jar:9.0.24]
	at org.springframework.web.filter.FormContentFilter.doFilterInternal(FormContentFilter.java:92) ~[spring-web-5.1.9.RELEASE.jar:5.1.9.RELEASE]
	at org.springframework.web.filter.OncePerRequestFilter.doFilter(OncePerRequestFilter.java:118) ~[spring-web-5.1.9.RELEASE.jar:5.1.9.RELEASE]
	at org.apache.catalina.core.ApplicationFilterChain.internalDoFilter(ApplicationFilterChain.java:193) ~[tomcat-embed-core-9.0.24.jar:9.0.24]
	at org.apache.catalina.core.ApplicationFilterChain.doFilter(ApplicationFilterChain.java:166) ~[tomcat-embed-core-9.0.24.jar:9.0.24]
	at org.springframework.web.filter.HiddenHttpMethodFilter.doFilterInternal(HiddenHttpMethodFilter.java:93) ~[spring-web-5.1.9.RELEASE.jar:5.1.9.RELEASE]
	at org.springframework.web.filter.OncePerRequestFilter.doFilter(OncePerRequestFilter.java:118) ~[spring-web-5.1.9.RELEASE.jar:5.1.9.RELEASE]
	at org.apache.catalina.core.ApplicationFilterChain.internalDoFilter(ApplicationFilterChain.java:193) ~[tomcat-embed-core-9.0.24.jar:9.0.24]
	at org.apache.catalina.core.ApplicationFilterChain.doFilter(ApplicationFilterChain.java:166) ~[tomcat-embed-core-9.0.24.jar:9.0.24]
	at org.springframework.boot.actuate.metrics.web.servlet.WebMvcMetricsFilter.filterAndRecordMetrics(WebMvcMetricsFilter.java:114) ~[spring-boot-actuator-2.1.8.RELEASE.jar:2.1.8.RELEASE]
	at org.springframework.boot.actuate.metrics.web.servlet.WebMvcMetricsFilter.doFilterInternal(WebMvcMetricsFilter.java:104) ~[spring-boot-actuator-2.1.8.RELEASE.jar:2.1.8.RELEASE]
	at org.springframework.web.filter.OncePerRequestFilter.doFilter(OncePerRequestFilter.java:118) ~[spring-web-5.1.9.RELEASE.jar:5.1.9.RELEASE]
	at org.apache.catalina.core.ApplicationFilterChain.internalDoFilter(ApplicationFilterChain.java:193) ~[tomcat-embed-core-9.0.24.jar:9.0.24]
	at org.apache.catalina.core.ApplicationFilterChain.doFilter(ApplicationFilterChain.java:166) ~[tomcat-embed-core-9.0.24.jar:9.0.24]
	at org.springframework.web.filter.CharacterEncodingFilter.doFilterInternal(CharacterEncodingFilter.java:200) ~[spring-web-5.1.9.RELEASE.jar:5.1.9.RELEASE]
	at org.springframework.web.filter.OncePerRequestFilter.doFilter(OncePerRequestFilter.java:118) ~[spring-web-5.1.9.RELEASE.jar:5.1.9.RELEASE]
	at org.apache.catalina.core.ApplicationFilterChain.internalDoFilter(ApplicationFilterChain.java:193) ~[tomcat-embed-core-9.0.24.jar:9.0.24]
	at org.apache.catalina.core.ApplicationFilterChain.doFilter(ApplicationFilterChain.java:166) ~[tomcat-embed-core-9.0.24.jar:9.0.24]
	at org.apache.catalina.core.StandardWrapperValve.invoke(StandardWrapperValve.java:202) ~[tomcat-embed-core-9.0.24.jar:9.0.24]
	at org.apache.catalina.core.StandardContextValve.invoke(StandardContextValve.java:96) [tomcat-embed-core-9.0.24.jar:9.0.24]
	at org.apache.catalina.authenticator.AuthenticatorBase.invoke(AuthenticatorBase.java:526) [tomcat-embed-core-9.0.24.jar:9.0.24]
	at org.apache.catalina.core.StandardHostValve.invoke(StandardHostValve.java:139) [tomcat-embed-core-9.0.24.jar:9.0.24]
	at org.apache.catalina.valves.ErrorReportValve.invoke(ErrorReportValve.java:92) [tomcat-embed-core-9.0.24.jar:9.0.24]
	at org.apache.catalina.core.StandardEngineValve.invoke(StandardEngineValve.java:74) [tomcat-embed-core-9.0.24.jar:9.0.24]
	at org.apache.catalina.connector.CoyoteAdapter.service(CoyoteAdapter.java:343) [tomcat-embed-core-9.0.24.jar:9.0.24]
	at org.apache.coyote.http11.Http11Processor.service(Http11Processor.java:408) [tomcat-embed-core-9.0.24.jar:9.0.24]
	at org.apache.coyote.AbstractProcessorLight.process(AbstractProcessorLight.java:66) [tomcat-embed-core-9.0.24.jar:9.0.24]
	at org.apache.coyote.AbstractProtocol$ConnectionHandler.process(AbstractProtocol.java:860) [tomcat-embed-core-9.0.24.jar:9.0.24]
	at org.apache.tomcat.util.net.NioEndpoint$SocketProcessor.doRun(NioEndpoint.java:1587) [tomcat-embed-core-9.0.24.jar:9.0.24]
	at org.apache.tomcat.util.net.SocketProcessorBase.run(SocketProcessorBase.java:49) [tomcat-embed-core-9.0.24.jar:9.0.24]
	at java.util.concurrent.ThreadPoolExecutor.runWorker(Unknown Source) [na:1.8.0_212]
	at java.util.concurrent.ThreadPoolExecutor$Worker.run(Unknown Source) [na:1.8.0_212]
	at org.apache.tomcat.util.threads.TaskThread$WrappingRunnable.run(TaskThread.java:61) [tomcat-embed-core-9.0.24.jar:9.0.24]
	at java.lang.Thread.run(Unknown Source) [na:1.8.0_212]

2019-09-24 11:26:46.251  INFO 9240 --- [RMI TCP Connection(13)-127.0.0.1] inMXBeanRegistrar$SpringApplicationAdmin : Application shutdown requested.
2019-09-24 11:26:46.254  INFO 9240 --- [RMI TCP Connection(13)-127.0.0.1] o.s.c.n.e.s.EurekaServiceRegistry        : Unregistering application ATTENDANCE-SERVICE with eureka with status DOWN
2019-09-24 11:26:46.254  WARN 9240 --- [RMI TCP Connection(13)-127.0.0.1] com.netflix.discovery.DiscoveryClient    : Saw local status change event StatusChangeEvent [timestamp=1569304606254, current=DOWN, previous=UP]
2019-09-24 11:26:46.266  INFO 9240 --- [RMI TCP Connection(13)-127.0.0.1] o.s.s.concurrent.ThreadPoolTaskExecutor  : Shutting down ExecutorService 'applicationTaskExecutor'
2019-09-24 11:26:46.271  WARN 9240 --- [DiscoveryClient-InstanceInfoReplicator-0] com.netflix.discovery.DiscoveryClient    : Saw local status change event StatusChangeEvent [timestamp=1569304606271, current=UP, previous=DOWN]
2019-09-24 11:26:46.272  INFO 9240 --- [DiscoveryClient-InstanceInfoReplicator-0] com.netflix.discovery.DiscoveryClient    : DiscoveryClient_ATTENDANCE-SERVICE/BOLD-AnchalM.LCINDIA.LOCAL:attendance-service:8087: registering service...
2019-09-24 11:26:46.283  INFO 9240 --- [DiscoveryClient-InstanceInfoReplicator-0] com.netflix.discovery.DiscoveryClient    : DiscoveryClient_ATTENDANCE-SERVICE/BOLD-AnchalM.LCINDIA.LOCAL:attendance-service:8087 - registration status: 204
2019-09-24 11:26:46.303  INFO 9240 --- [RMI TCP Connection(13)-127.0.0.1] j.LocalContainerEntityManagerFactoryBean : Closing JPA EntityManagerFactory for persistence unit 'default'
2019-09-24 11:26:46.365  INFO 9240 --- [RMI TCP Connection(13)-127.0.0.1] org.mongodb.driver.connection            : Closed connection [connectionId{localValue:2, serverValue:915}] to localhost:27017 because the pool has been closed.
2019-09-24 11:26:46.369  INFO 9240 --- [RMI TCP Connection(13)-127.0.0.1] com.netflix.discovery.DiscoveryClient    : Shutting down DiscoveryClient ...
2019-09-24 11:26:49.370  INFO 9240 --- [RMI TCP Connection(13)-127.0.0.1] com.netflix.discovery.DiscoveryClient    : Unregistering ...
2019-09-24 11:26:49.380  INFO 9240 --- [RMI TCP Connection(13)-127.0.0.1] com.netflix.discovery.DiscoveryClient    : DiscoveryClient_ATTENDANCE-SERVICE/BOLD-AnchalM.LCINDIA.LOCAL:attendance-service:8087 - deregister  status: 200
2019-09-24 11:26:49.403  INFO 9240 --- [RMI TCP Connection(13)-127.0.0.1] com.netflix.discovery.DiscoveryClient    : Completed shut down of DiscoveryClient
2019-09-24 11:26:49.403  INFO 9240 --- [RMI TCP Connection(13)-127.0.0.1] com.zaxxer.hikari.HikariDataSource       : HikariPool-1 - Shutdown initiated...
2019-09-24 11:26:49.424  INFO 9240 --- [RMI TCP Connection(13)-127.0.0.1] com.zaxxer.hikari.HikariDataSource       : HikariPool-1 - Shutdown completed.
2019-09-24 11:26:49.605  INFO 9240 --- [RMI TCP Connection(13)-127.0.0.1] o.apache.catalina.core.StandardService   : Stopping service [Tomcat]
2019-09-24 11:26:49.609  INFO 9240 --- [RMI TCP Connection(13)-127.0.0.1] o.a.c.c.C.[Tomcat].[localhost].[/]       : Destroying Spring FrameworkServlet 'dispatcherServlet'
2019-09-24 11:26:55.425  INFO 11532 --- [main] .s.d.r.c.RepositoryConfigurationDelegate : Multiple Spring Data modules found, entering strict repository configuration mode!
2019-09-24 11:26:55.425  INFO 11532 --- [main] .s.d.r.c.RepositoryConfigurationDelegate : Bootstrapping Spring Data repositories in DEFAULT mode.
2019-09-24 11:26:55.460  INFO 11532 --- [main] .RepositoryConfigurationExtensionSupport : Spring Data JPA - Could not safely identify store assignment for repository candidate interface com.sms.repository.AttendanceRepository.
2019-09-24 11:26:55.491  INFO 11532 --- [main] .s.d.r.c.RepositoryConfigurationDelegate : Finished Spring Data repository scanning in 61ms. Found 2 repository interfaces.
2019-09-24 11:26:55.495  INFO 11532 --- [main] .s.d.r.c.RepositoryConfigurationDelegate : Multiple Spring Data modules found, entering strict repository configuration mode!
2019-09-24 11:26:55.495  INFO 11532 --- [main] .s.d.r.c.RepositoryConfigurationDelegate : Bootstrapping Spring Data repositories in DEFAULT mode.
2019-09-24 11:26:55.504  INFO 11532 --- [main] .RepositoryConfigurationExtensionSupport : Spring Data MongoDB - Could not safely identify store assignment for repository candidate interface com.sms.repository.RoleRepository.
2019-09-24 11:26:55.506  INFO 11532 --- [main] .RepositoryConfigurationExtensionSupport : Spring Data MongoDB - Could not safely identify store assignment for repository candidate interface com.sms.repository.UserRepository.
2019-09-24 11:26:55.511  INFO 11532 --- [main] .s.d.r.c.RepositoryConfigurationDelegate : Finished Spring Data repository scanning in 15ms. Found 1 repository interfaces.
2019-09-24 11:26:55.518  INFO 11532 --- [main] .s.d.r.c.RepositoryConfigurationDelegate : Multiple Spring Data modules found, entering strict repository configuration mode!
2019-09-24 11:26:55.519  INFO 11532 --- [main] .s.d.r.c.RepositoryConfigurationDelegate : Bootstrapping Spring Data repositories in DEFAULT mode.
2019-09-24 11:26:55.530  INFO 11532 --- [main] .RepositoryConfigurationExtensionSupport : Spring Data Redis - Could not safely identify store assignment for repository candidate interface com.sms.repository.AttendanceRepository.
2019-09-24 11:26:55.531  INFO 11532 --- [main] .RepositoryConfigurationExtensionSupport : Spring Data Redis - Could not safely identify store assignment for repository candidate interface com.sms.repository.RoleRepository.
2019-09-24 11:26:55.531  INFO 11532 --- [main] .RepositoryConfigurationExtensionSupport : Spring Data Redis - Could not safely identify store assignment for repository candidate interface com.sms.repository.UserRepository.
2019-09-24 11:26:55.531  INFO 11532 --- [main] .s.d.r.c.RepositoryConfigurationDelegate : Finished Spring Data repository scanning in 7ms. Found 0 repository interfaces.
2019-09-24 11:26:55.618  WARN 11532 --- [main] o.s.boot.actuate.endpoint.EndpointId     : Endpoint ID 'service-registry' contains invalid characters, please migrate to a valid format.
2019-09-24 11:26:55.851  INFO 11532 --- [main] o.s.cloud.context.scope.GenericScope     : BeanFactory id=c6399128-aef6-3acc-b801-e99afa875d38
2019-09-24 11:26:55.901  INFO 11532 --- [main] trationDelegate$BeanPostProcessorChecker : Bean 'org.springframework.kafka.annotation.KafkaBootstrapConfiguration' of type [org.springframework.kafka.annotation.KafkaBootstrapConfiguration$$EnhancerBySpringCGLIB$$d0127d3e] is not eligible for getting processed by all BeanPostProcessors (for example: not eligible for auto-proxying)
2019-09-24 11:26:55.956  INFO 11532 --- [main] trationDelegate$BeanPostProcessorChecker : Bean 'org.springframework.transaction.annotation.ProxyTransactionManagementConfiguration' of type [org.springframework.transaction.annotation.ProxyTransactionManagementConfiguration$$EnhancerBySpringCGLIB$$fc606bbb] is not eligible for getting processed by all BeanPostProcessors (for example: not eligible for auto-proxying)
2019-09-24 11:26:55.981  INFO 11532 --- [main] trationDelegate$BeanPostProcessorChecker : Bean 'org.springframework.security.config.annotation.configuration.ObjectPostProcessorConfiguration' of type [org.springframework.security.config.annotation.configuration.ObjectPostProcessorConfiguration$$EnhancerBySpringCGLIB$$950e33f5] is not eligible for getting processed by all BeanPostProcessors (for example: not eligible for auto-proxying)
2019-09-24 11:26:55.986  INFO 11532 --- [main] trationDelegate$BeanPostProcessorChecker : Bean 'objectPostProcessor' of type [org.springframework.security.config.annotation.configuration.AutowireBeanFactoryObjectPostProcessor] is not eligible for getting processed by all BeanPostProcessors (for example: not eligible for auto-proxying)
2019-09-24 11:26:55.987  INFO 11532 --- [main] trationDelegate$BeanPostProcessorChecker : Bean 'org.springframework.security.access.expression.method.DefaultMethodSecurityExpressionHandler@226de93c' of type [org.springframework.security.access.expression.method.DefaultMethodSecurityExpressionHandler] is not eligible for getting processed by all BeanPostProcessors (for example: not eligible for auto-proxying)
2019-09-24 11:26:55.991  INFO 11532 --- [main] trationDelegate$BeanPostProcessorChecker : Bean 'org.springframework.security.config.annotation.method.configuration.GlobalMethodSecurityConfiguration' of type [org.springframework.security.config.annotation.method.configuration.GlobalMethodSecurityConfiguration$$EnhancerBySpringCGLIB$$b9e2d6a7] is not eligible for getting processed by all BeanPostProcessors (for example: not eligible for auto-proxying)
2019-09-24 11:26:55.997  INFO 11532 --- [main] trationDelegate$BeanPostProcessorChecker : Bean 'org.springframework.security.config.annotation.method.configuration.Jsr250MetadataSourceConfiguration' of type [org.springframework.security.config.annotation.method.configuration.Jsr250MetadataSourceConfiguration$$EnhancerBySpringCGLIB$$df37eebd] is not eligible for getting processed by all BeanPostProcessors (for example: not eligible for auto-proxying)
2019-09-24 11:26:55.998  INFO 11532 --- [main] trationDelegate$BeanPostProcessorChecker : Bean 'jsr250MethodSecurityMetadataSource' of type [org.springframework.security.access.annotation.Jsr250MethodSecurityMetadataSource] is not eligible for getting processed by all BeanPostProcessors (for example: not eligible for auto-proxying)
2019-09-24 11:26:55.999  INFO 11532 --- [main] trationDelegate$BeanPostProcessorChecker : Bean 'methodSecurityMetadataSource' of type [org.springframework.security.access.method.DelegatingMethodSecurityMetadataSource] is not eligible for getting processed by all BeanPostProcessors (for example: not eligible for auto-proxying)
2019-09-24 11:26:56.015  INFO 11532 --- [main] trationDelegate$BeanPostProcessorChecker : Bean 'org.springframework.cloud.autoconfigure.ConfigurationPropertiesRebinderAutoConfiguration' of type [org.springframework.cloud.autoconfigure.ConfigurationPropertiesRebinderAutoConfiguration$$EnhancerBySpringCGLIB$$187a6eb8] is not eligible for getting processed by all BeanPostProcessors (for example: not eligible for auto-proxying)
2019-09-24 11:26:56.265  INFO 11532 --- [main] o.s.b.w.embedded.tomcat.TomcatWebServer  : Tomcat initialized with port(s): 8087 (http)
2019-09-24 11:26:56.282  INFO 11532 --- [main] o.apache.catalina.core.StandardService   : Starting service [Tomcat]
2019-09-24 11:26:56.282  INFO 11532 --- [main] org.apache.catalina.core.StandardEngine  : Starting Servlet engine: [Apache Tomcat/9.0.24]
2019-09-24 11:26:56.417  INFO 11532 --- [main] o.a.c.c.C.[Tomcat].[localhost].[/]       : Initializing Spring embedded WebApplicationContext
2019-09-24 11:26:56.417  INFO 11532 --- [main] o.s.web.context.ContextLoader            : Root WebApplicationContext: initialization completed in 1768 ms
2019-09-24 11:26:56.537  WARN 11532 --- [main] c.n.c.sources.URLConfigurationSource     : No URLs will be polled as dynamic configuration sources.
2019-09-24 11:26:56.537  INFO 11532 --- [main] c.n.c.sources.URLConfigurationSource     : To enable URLs as dynamic configuration sources, define System property archaius.configurationSource.additionalUrls or make config.properties available on classpath.
2019-09-24 11:26:56.544  INFO 11532 --- [main] c.netflix.config.DynamicPropertyFactory  : DynamicPropertyFactory is initialized with configuration sources: com.netflix.config.ConcurrentCompositeConfiguration@1eeb5818
2019-09-24 11:26:57.076  INFO 11532 --- [main] org.mongodb.driver.cluster               : Cluster created with settings {hosts=[localhost:27017], mode=SINGLE, requiredClusterType=UNKNOWN, serverSelectionTimeout='30000 ms', maxWaitQueueSize=500}
2019-09-24 11:26:57.118  INFO 11532 --- [cluster-ClusterId{value='5d89b029e6418a2d0c4280c2', description='null'}-localhost:27017] org.mongodb.driver.connection            : Opened connection [connectionId{localValue:1, serverValue:916}] to localhost:27017
2019-09-24 11:26:57.121  INFO 11532 --- [cluster-ClusterId{value='5d89b029e6418a2d0c4280c2', description='null'}-localhost:27017] org.mongodb.driver.cluster               : Monitor thread successfully connected to server with description ServerDescription{address=localhost:27017, type=STANDALONE, state=CONNECTED, ok=true, version=ServerVersion{versionList=[4, 0, 11]}, minWireVersion=0, maxWireVersion=7, maxDocumentSize=16777216, logicalSessionTimeoutMinutes=30, roundTripTimeNanos=2029934}
2019-09-24 11:26:58.243  INFO 11532 --- [main] com.zaxxer.hikari.HikariDataSource       : HikariPool-1 - Starting...
2019-09-24 11:26:58.336  INFO 11532 --- [main] com.zaxxer.hikari.HikariDataSource       : HikariPool-1 - Start completed.
2019-09-24 11:26:58.377  INFO 11532 --- [main] o.hibernate.jpa.internal.util.LogHelper  : HHH000204: Processing PersistenceUnitInfo [
	name: default
	...]
2019-09-24 11:26:58.431  INFO 11532 --- [main] org.hibernate.Version                    : HHH000412: Hibernate Core {5.3.11.Final}
2019-09-24 11:26:58.433  INFO 11532 --- [main] org.hibernate.cfg.Environment            : HHH000206: hibernate.properties not found
2019-09-24 11:26:58.536  INFO 11532 --- [main] o.hibernate.annotations.common.Version   : HCANN000001: Hibernate Commons Annotations {5.0.4.Final}
2019-09-24 11:26:58.647  INFO 11532 --- [main] org.hibernate.dialect.Dialect            : HHH000400: Using dialect: org.hibernate.dialect.MySQL5InnoDBDialect
2019-09-24 11:26:59.413  INFO 11532 --- [main] j.LocalContainerEntityManagerFactoryBean : Initialized JPA EntityManagerFactory for persistence unit 'default'
2019-09-24 11:26:59.792  INFO 11532 --- [main] f.a.AutowiredAnnotationBeanPostProcessor : Autowired annotation is not supported on static fields: private static java.lang.String com.sms.service.AttendanceServiceImpl.pattern
2019-09-24 11:26:59.902  INFO 11532 --- [main] f.a.AutowiredAnnotationBeanPostProcessor : Autowired annotation is not supported on static fields: private static java.lang.String com.sms.kafka.Producer.TOPIC
2019-09-24 11:27:00.121  WARN 11532 --- [main] aWebConfiguration$JpaWebMvcConfiguration : spring.jpa.open-in-view is enabled by default. Therefore, database queries may be performed during view rendering. Explicitly configure spring.jpa.open-in-view to disable this warning
2019-09-24 11:27:00.268  INFO 11532 --- [main] o.s.b.a.e.web.EndpointLinksResolver      : Exposing 20 endpoint(s) beneath base path '/actuator'
2019-09-24 11:27:00.453  INFO 11532 --- [main] o.s.s.web.DefaultSecurityFilterChain     : Creating filter chain: Ant [pattern='/*/'], []
2019-09-24 11:27:00.453  INFO 11532 --- [main] o.s.s.web.DefaultSecurityFilterChain     : Creating filter chain: Ant [pattern='/eureka/**'], []
2019-09-24 11:27:00.453  INFO 11532 --- [main] o.s.s.web.DefaultSecurityFilterChain     : Creating filter chain: Ant [pattern='/v2/api-docs'], []
2019-09-24 11:27:00.453  INFO 11532 --- [main] o.s.s.web.DefaultSecurityFilterChain     : Creating filter chain: Ant [pattern='/configuration/ui'], []
2019-09-24 11:27:00.454  INFO 11532 --- [main] o.s.s.web.DefaultSecurityFilterChain     : Creating filter chain: Ant [pattern='/swagger-resources'], []
2019-09-24 11:27:00.454  INFO 11532 --- [main] o.s.s.web.DefaultSecurityFilterChain     : Creating filter chain: Ant [pattern='/configuration/security'], []
2019-09-24 11:27:00.454  INFO 11532 --- [main] o.s.s.web.DefaultSecurityFilterChain     : Creating filter chain: Ant [pattern='/swagger-ui.html'], []
2019-09-24 11:27:00.454  INFO 11532 --- [main] o.s.s.web.DefaultSecurityFilterChain     : Creating filter chain: Ant [pattern='/webjars/**'], []
2019-09-24 11:27:00.454  INFO 11532 --- [main] o.s.s.web.DefaultSecurityFilterChain     : Creating filter chain: Ant [pattern='/**', OPTIONS], []
2019-09-24 11:27:00.519  INFO 11532 --- [main] o.s.s.web.DefaultSecurityFilterChain     : Creating filter chain: any request, [org.springframework.security.web.context.request.async.WebAsyncManagerIntegrationFilter@294ab038, org.springframework.security.web.context.SecurityContextPersistenceFilter@496004e3, org.springframework.security.web.header.HeaderWriterFilter@4c57ca10, org.springframework.web.filter.CorsFilter@395abe85, org.springframework.security.web.authentication.logout.LogoutFilter@7dc9b41a, com.sms.security.JWTAuthenticationFilter@6b338591, org.springframework.security.web.savedrequest.RequestCacheAwareFilter@703947bd, org.springframework.security.web.servletapi.SecurityContextHolderAwareRequestFilter@5058fefb, org.springframework.security.web.authentication.AnonymousAuthenticationFilter@55849272, org.springframework.security.web.session.SessionManagementFilter@6e627ab8, org.springframework.security.web.access.ExceptionTranslationFilter@7d381eae, org.springframework.security.web.access.intercept.FilterSecurityInterceptor@2db82155]
2019-09-24 11:27:00.543  WARN 11532 --- [main] c.n.c.sources.URLConfigurationSource     : No URLs will be polled as dynamic configuration sources.
2019-09-24 11:27:00.544  INFO 11532 --- [main] c.n.c.sources.URLConfigurationSource     : To enable URLs as dynamic configuration sources, define System property archaius.configurationSource.additionalUrls or make config.properties available on classpath.
2019-09-24 11:27:00.604  INFO 11532 --- [main] o.s.s.concurrent.ThreadPoolTaskExecutor  : Initializing ExecutorService 'applicationTaskExecutor'
2019-09-24 11:27:01.304  INFO 11532 --- [main] o.s.c.n.eureka.InstanceInfoFactory       : Setting initial instance status as: STARTING
2019-09-24 11:27:01.334  INFO 11532 --- [main] com.netflix.discovery.DiscoveryClient    : Initializing Eureka in region us-east-1
2019-09-24 11:27:01.370  INFO 11532 --- [main] c.n.d.provider.DiscoveryJerseyProvider   : Using JSON encoding codec LegacyJacksonJson
2019-09-24 11:27:01.370  INFO 11532 --- [main] c.n.d.provider.DiscoveryJerseyProvider   : Using JSON decoding codec LegacyJacksonJson
2019-09-24 11:27:01.452  INFO 11532 --- [main] c.n.d.provider.DiscoveryJerseyProvider   : Using XML encoding codec XStreamXml
2019-09-24 11:27:01.453  INFO 11532 --- [main] c.n.d.provider.DiscoveryJerseyProvider   : Using XML decoding codec XStreamXml
2019-09-24 11:27:01.575  INFO 11532 --- [main] c.n.d.s.r.aws.ConfigClusterResolver      : Resolving eureka endpoints via configuration
2019-09-24 11:27:01.695  INFO 11532 --- [main] com.netflix.discovery.DiscoveryClient    : Disable delta property : false
2019-09-24 11:27:01.696  INFO 11532 --- [main] com.netflix.discovery.DiscoveryClient    : Single vip registry refresh property : null
2019-09-24 11:27:01.696  INFO 11532 --- [main] com.netflix.discovery.DiscoveryClient    : Force full registry fetch : false
2019-09-24 11:27:01.696  INFO 11532 --- [main] com.netflix.discovery.DiscoveryClient    : Application is null : false
2019-09-24 11:27:01.696  INFO 11532 --- [main] com.netflix.discovery.DiscoveryClient    : Registered Applications size is zero : true
2019-09-24 11:27:01.696  INFO 11532 --- [main] com.netflix.discovery.DiscoveryClient    : Application version is -1: true
2019-09-24 11:27:01.696  INFO 11532 --- [main] com.netflix.discovery.DiscoveryClient    : Getting all instance registry info from the eureka server
2019-09-24 11:27:01.775  INFO 11532 --- [main] com.netflix.discovery.DiscoveryClient    : The response status is 200
2019-09-24 11:27:01.777  INFO 11532 --- [main] com.netflix.discovery.DiscoveryClient    : Starting heartbeat executor: renew interval is: 5
2019-09-24 11:27:01.779  INFO 11532 --- [main] c.n.discovery.InstanceInfoReplicator     : InstanceInfoReplicator onDemand update allowed rate per min is 4
2019-09-24 11:27:01.782  INFO 11532 --- [main] com.netflix.discovery.DiscoveryClient    : Discovery Client initialized at timestamp 1569304621781 with initial instances count: 2
2019-09-24 11:27:01.789  INFO 11532 --- [main] o.s.c.n.e.s.EurekaServiceRegistry        : Registering application ATTENDANCE-SERVICE with eureka with status UP
2019-09-24 11:27:01.790  INFO 11532 --- [main] com.netflix.discovery.DiscoveryClient    : Saw local status change event StatusChangeEvent [timestamp=1569304621790, current=UP, previous=STARTING]
2019-09-24 11:27:01.790  WARN 11532 --- [main] c.n.discovery.InstanceInfoReplicator     : Ignoring onDemand update due to rate limiter
2019-09-24 11:27:01.805  INFO 11532 --- [main] d.s.w.p.DocumentationPluginsBootstrapper : Context refreshed
2019-09-24 11:27:01.807  INFO 11532 --- [DiscoveryClient-InstanceInfoReplicator-0] org.mongodb.driver.connection            : Opened connection [connectionId{localValue:2, serverValue:917}] to localhost:27017
2019-09-24 11:27:01.820  INFO 11532 --- [main] d.s.w.p.DocumentationPluginsBootstrapper : Found 1 custom documentation plugin(s)
2019-09-24 11:27:01.828  INFO 11532 --- [DiscoveryClient-InstanceInfoReplicator-0] c.c.c.ConfigServicePropertySourceLocator : Fetching config from server at : http://localhost:8888
2019-09-24 11:27:01.832  INFO 11532 --- [main] s.d.s.w.s.ApiListingReferenceScanner     : Scanning for api listing references
2019-09-24 11:27:01.952  INFO 11532 --- [main] o.s.b.w.embedded.tomcat.TomcatWebServer  : Tomcat started on port(s): 8087 (http) with context path ''
2019-09-24 11:27:01.952  INFO 11532 --- [main] .s.c.n.e.s.EurekaAutoServiceRegistration : Updating port to 8087
2019-09-24 11:27:02.842  INFO 11532 --- [DiscoveryClient-InstanceInfoReplicator-0] c.c.c.ConfigServicePropertySourceLocator : Located environment: name=attendance-service, profiles=[development], label=null, version=5adeb27984a7b5cb2976113b8ca270f41cb9cb9b, state=null
2019-09-24 11:27:02.846  INFO 11532 --- [DiscoveryClient-InstanceInfoReplicator-0] com.netflix.discovery.DiscoveryClient    : DiscoveryClient_ATTENDANCE-SERVICE/BOLD-AnchalM.LCINDIA.LOCAL:attendance-service:8087: registering service...
2019-09-24 11:27:02.873  INFO 11532 --- [DiscoveryClient-InstanceInfoReplicator-0] com.netflix.discovery.DiscoveryClient    : DiscoveryClient_ATTENDANCE-SERVICE/BOLD-AnchalM.LCINDIA.LOCAL:attendance-service:8087 - registration status: 204
2019-09-24 11:28:24.744  INFO 11532 --- [RMI TCP Connection(10)-127.0.0.1] inMXBeanRegistrar$SpringApplicationAdmin : Application shutdown requested.
2019-09-24 11:28:24.748  INFO 11532 --- [RMI TCP Connection(10)-127.0.0.1] o.s.c.n.e.s.EurekaServiceRegistry        : Unregistering application ATTENDANCE-SERVICE with eureka with status DOWN
2019-09-24 11:28:24.749  WARN 11532 --- [RMI TCP Connection(10)-127.0.0.1] com.netflix.discovery.DiscoveryClient    : Saw local status change event StatusChangeEvent [timestamp=1569304704749, current=DOWN, previous=UP]
2019-09-24 11:28:24.766  INFO 11532 --- [RMI TCP Connection(10)-127.0.0.1] o.s.s.concurrent.ThreadPoolTaskExecutor  : Shutting down ExecutorService 'applicationTaskExecutor'
2019-09-24 11:28:24.772  WARN 11532 --- [DiscoveryClient-InstanceInfoReplicator-0] com.netflix.discovery.DiscoveryClient    : Saw local status change event StatusChangeEvent [timestamp=1569304704772, current=UP, previous=DOWN]
2019-09-24 11:28:24.773  INFO 11532 --- [DiscoveryClient-InstanceInfoReplicator-0] com.netflix.discovery.DiscoveryClient    : DiscoveryClient_ATTENDANCE-SERVICE/BOLD-AnchalM.LCINDIA.LOCAL:attendance-service:8087: registering service...
2019-09-24 11:28:24.789  INFO 11532 --- [DiscoveryClient-InstanceInfoReplicator-0] com.netflix.discovery.DiscoveryClient    : DiscoveryClient_ATTENDANCE-SERVICE/BOLD-AnchalM.LCINDIA.LOCAL:attendance-service:8087 - registration status: 204
2019-09-24 11:28:24.791  INFO 11532 --- [RMI TCP Connection(10)-127.0.0.1] j.LocalContainerEntityManagerFactoryBean : Closing JPA EntityManagerFactory for persistence unit 'default'
2019-09-24 11:28:24.831  INFO 11532 --- [RMI TCP Connection(10)-127.0.0.1] org.mongodb.driver.connection            : Closed connection [connectionId{localValue:2, serverValue:917}] to localhost:27017 because the pool has been closed.
2019-09-24 11:28:24.840  INFO 11532 --- [RMI TCP Connection(10)-127.0.0.1] com.netflix.discovery.DiscoveryClient    : Shutting down DiscoveryClient ...
2019-09-24 11:28:27.844  INFO 11532 --- [RMI TCP Connection(10)-127.0.0.1] com.netflix.discovery.DiscoveryClient    : Unregistering ...
2019-09-24 11:28:27.860  INFO 11532 --- [RMI TCP Connection(10)-127.0.0.1] com.netflix.discovery.DiscoveryClient    : DiscoveryClient_ATTENDANCE-SERVICE/BOLD-AnchalM.LCINDIA.LOCAL:attendance-service:8087 - deregister  status: 200
2019-09-24 11:28:27.887  INFO 11532 --- [RMI TCP Connection(10)-127.0.0.1] com.netflix.discovery.DiscoveryClient    : Completed shut down of DiscoveryClient
2019-09-24 11:28:27.888  INFO 11532 --- [RMI TCP Connection(10)-127.0.0.1] com.zaxxer.hikari.HikariDataSource       : HikariPool-1 - Shutdown initiated...
2019-09-24 11:28:27.909  INFO 11532 --- [RMI TCP Connection(10)-127.0.0.1] com.zaxxer.hikari.HikariDataSource       : HikariPool-1 - Shutdown completed.
2019-09-24 11:28:28.222  INFO 11532 --- [RMI TCP Connection(10)-127.0.0.1] o.apache.catalina.core.StandardService   : Stopping service [Tomcat]
