2019-10-09 16:32:13.697  INFO 17572 --- [main] com.sms.StudentServiceApplication        : The following profiles are active: development
2019-10-09 16:32:16.150  INFO 17572 --- [main] .s.d.r.c.RepositoryConfigurationDelegate : Multiple Spring Data modules found, entering strict repository configuration mode!
2019-10-09 16:32:16.151  INFO 17572 --- [main] .s.d.r.c.RepositoryConfigurationDelegate : Bootstrapping Spring Data repositories in DEFAULT mode.
2019-10-09 16:32:16.223  INFO 17572 --- [main] .s.d.r.c.RepositoryConfigurationDelegate : Finished Spring Data repository scanning in 67ms. Found 4 repository interfaces.
2019-10-09 16:32:16.231  INFO 17572 --- [main] .s.d.r.c.RepositoryConfigurationDelegate : Multiple Spring Data modules found, entering strict repository configuration mode!
2019-10-09 16:32:16.232  INFO 17572 --- [main] .s.d.r.c.RepositoryConfigurationDelegate : Bootstrapping Spring Data repositories in DEFAULT mode.
2019-10-09 16:32:16.249  INFO 17572 --- [main] .RepositoryConfigurationExtensionSupport : Spring Data Redis - Could not safely identify store assignment for repository candidate interface com.sms.repository.AcademicSessionRepository.
2019-10-09 16:32:16.249  INFO 17572 --- [main] .RepositoryConfigurationExtensionSupport : Spring Data Redis - Could not safely identify store assignment for repository candidate interface com.sms.repository.RoleRepository.
2019-10-09 16:32:16.251  INFO 17572 --- [main] .RepositoryConfigurationExtensionSupport : Spring Data Redis - Could not safely identify store assignment for repository candidate interface com.sms.repository.StudentRepository.
2019-10-09 16:32:16.252  INFO 17572 --- [main] .RepositoryConfigurationExtensionSupport : Spring Data Redis - Could not safely identify store assignment for repository candidate interface com.sms.repository.UserRepository.
2019-10-09 16:32:16.253  INFO 17572 --- [main] .s.d.r.c.RepositoryConfigurationDelegate : Finished Spring Data repository scanning in 13ms. Found 0 repository interfaces.
2019-10-09 16:32:16.333  WARN 17572 --- [main] o.s.boot.actuate.endpoint.EndpointId     : Endpoint ID 'service-registry' contains invalid characters, please migrate to a valid format.
2019-10-09 16:32:16.602  INFO 17572 --- [main] o.s.cloud.context.scope.GenericScope     : BeanFactory id=e831fd92-9035-323d-95cb-82b8ee49bb01
2019-10-09 16:32:16.702  INFO 17572 --- [main] trationDelegate$BeanPostProcessorChecker : Bean 'org.springframework.transaction.annotation.ProxyTransactionManagementConfiguration' of type [org.springframework.transaction.annotation.ProxyTransactionManagementConfiguration$$EnhancerBySpringCGLIB$$22de87ca] is not eligible for getting processed by all BeanPostProcessors (for example: not eligible for auto-proxying)
2019-10-09 16:32:16.743  INFO 17572 --- [main] trationDelegate$BeanPostProcessorChecker : Bean 'org.springframework.security.config.annotation.configuration.ObjectPostProcessorConfiguration' of type [org.springframework.security.config.annotation.configuration.ObjectPostProcessorConfiguration$$EnhancerBySpringCGLIB$$bb8c5004] is not eligible for getting processed by all BeanPostProcessors (for example: not eligible for auto-proxying)
2019-10-09 16:32:16.747  INFO 17572 --- [main] trationDelegate$BeanPostProcessorChecker : Bean 'objectPostProcessor' of type [org.springframework.security.config.annotation.configuration.AutowireBeanFactoryObjectPostProcessor] is not eligible for getting processed by all BeanPostProcessors (for example: not eligible for auto-proxying)
2019-10-09 16:32:16.749  INFO 17572 --- [main] trationDelegate$BeanPostProcessorChecker : Bean 'org.springframework.security.access.expression.method.DefaultMethodSecurityExpressionHandler@3a7c678b' of type [org.springframework.security.access.expression.method.DefaultMethodSecurityExpressionHandler] is not eligible for getting processed by all BeanPostProcessors (for example: not eligible for auto-proxying)
2019-10-09 16:32:16.752  INFO 17572 --- [main] trationDelegate$BeanPostProcessorChecker : Bean 'org.springframework.security.config.annotation.method.configuration.GlobalMethodSecurityConfiguration' of type [org.springframework.security.config.annotation.method.configuration.GlobalMethodSecurityConfiguration$$EnhancerBySpringCGLIB$$e060f2b6] is not eligible for getting processed by all BeanPostProcessors (for example: not eligible for auto-proxying)
2019-10-09 16:32:16.758  INFO 17572 --- [main] trationDelegate$BeanPostProcessorChecker : Bean 'org.springframework.security.config.annotation.method.configuration.Jsr250MetadataSourceConfiguration' of type [org.springframework.security.config.annotation.method.configuration.Jsr250MetadataSourceConfiguration$$EnhancerBySpringCGLIB$$5b60acc] is not eligible for getting processed by all BeanPostProcessors (for example: not eligible for auto-proxying)
2019-10-09 16:32:16.759  INFO 17572 --- [main] trationDelegate$BeanPostProcessorChecker : Bean 'jsr250MethodSecurityMetadataSource' of type [org.springframework.security.access.annotation.Jsr250MethodSecurityMetadataSource] is not eligible for getting processed by all BeanPostProcessors (for example: not eligible for auto-proxying)
2019-10-09 16:32:16.760  INFO 17572 --- [main] trationDelegate$BeanPostProcessorChecker : Bean 'methodSecurityMetadataSource' of type [org.springframework.security.access.method.DelegatingMethodSecurityMetadataSource] is not eligible for getting processed by all BeanPostProcessors (for example: not eligible for auto-proxying)
2019-10-09 16:32:16.776  INFO 17572 --- [main] trationDelegate$BeanPostProcessorChecker : Bean 'org.springframework.cloud.autoconfigure.ConfigurationPropertiesRebinderAutoConfiguration' of type [org.springframework.cloud.autoconfigure.ConfigurationPropertiesRebinderAutoConfiguration$$EnhancerBySpringCGLIB$$3ef88ac7] is not eligible for getting processed by all BeanPostProcessors (for example: not eligible for auto-proxying)
2019-10-09 16:32:17.601  INFO 17572 --- [main] o.s.b.w.embedded.tomcat.TomcatWebServer  : Tomcat initialized with port(s): 8192 (http)
2019-10-09 16:32:17.619  INFO 17572 --- [main] o.apache.catalina.core.StandardService   : Starting service [Tomcat]
2019-10-09 16:32:17.619  INFO 17572 --- [main] org.apache.catalina.core.StandardEngine  : Starting Servlet engine: [Apache Tomcat/9.0.22]
2019-10-09 16:32:17.746  INFO 17572 --- [main] o.a.c.c.C.[Tomcat].[localhost].[/]       : Initializing Spring embedded WebApplicationContext
2019-10-09 16:32:17.746  INFO 17572 --- [main] o.s.web.context.ContextLoader            : Root WebApplicationContext: initialization completed in 2587 ms
2019-10-09 16:32:17.841  WARN 17572 --- [main] c.n.c.sources.URLConfigurationSource     : No URLs will be polled as dynamic configuration sources.
2019-10-09 16:32:17.841  INFO 17572 --- [main] c.n.c.sources.URLConfigurationSource     : To enable URLs as dynamic configuration sources, define System property archaius.configurationSource.additionalUrls or make config.properties available on classpath.
2019-10-09 16:32:17.849  INFO 17572 --- [main] c.netflix.config.DynamicPropertyFactory  : DynamicPropertyFactory is initialized with configuration sources: com.netflix.config.ConcurrentCompositeConfiguration@119290b9
2019-10-09 16:32:19.240  INFO 17572 --- [main] com.zaxxer.hikari.HikariDataSource       : HikariPool-1 - Starting...
2019-10-09 16:32:19.338  INFO 17572 --- [main] com.zaxxer.hikari.HikariDataSource       : HikariPool-1 - Start completed.
2019-10-09 16:32:19.397  INFO 17572 --- [main] o.hibernate.jpa.internal.util.LogHelper  : HHH000204: Processing PersistenceUnitInfo [
	name: default
	...]
2019-10-09 16:32:19.442  INFO 17572 --- [main] org.hibernate.Version                    : HHH000412: Hibernate Core {5.3.10.Final}
2019-10-09 16:32:19.445  INFO 17572 --- [main] org.hibernate.cfg.Environment            : HHH000206: hibernate.properties not found
2019-10-09 16:32:19.551  INFO 17572 --- [main] o.hibernate.annotations.common.Version   : HCANN000001: Hibernate Commons Annotations {5.0.4.Final}
2019-10-09 16:32:19.664  INFO 17572 --- [main] org.hibernate.dialect.Dialect            : HHH000400: Using dialect: org.hibernate.dialect.MySQL5InnoDBDialect
2019-10-09 16:32:41.527  INFO 17572 --- [main] j.LocalContainerEntityManagerFactoryBean : Initialized JPA EntityManagerFactory for persistence unit 'default'
2019-10-09 16:32:42.530 DEBUG 17572 --- [main] c.sms.security.JWTAuthenticationFilter   : Filter 'jwtAuthenticationFilter' configured for use
2019-10-09 16:32:43.289  INFO 17572 --- [main] o.h.h.i.QueryTranslatorFactoryInitiator  : HHH000397: Using ASTQueryTranslatorFactory
2019-10-09 16:32:46.867  WARN 17572 --- [main] aWebConfiguration$JpaWebMvcConfiguration : spring.jpa.open-in-view is enabled by default. Therefore, database queries may be performed during view rendering. Explicitly configure spring.jpa.open-in-view to disable this warning
2019-10-09 16:32:46.993  INFO 17572 --- [main] o.s.b.a.e.web.EndpointLinksResolver      : Exposing 20 endpoint(s) beneath base path '/actuator'
2019-10-09 16:32:47.136  INFO 17572 --- [main] o.s.s.web.DefaultSecurityFilterChain     : Creating filter chain: Ant [pattern='/v2/api-docs'], []
2019-10-09 16:32:47.136  INFO 17572 --- [main] o.s.s.web.DefaultSecurityFilterChain     : Creating filter chain: Ant [pattern='/configuration/ui'], []
2019-10-09 16:32:47.136  INFO 17572 --- [main] o.s.s.web.DefaultSecurityFilterChain     : Creating filter chain: Ant [pattern='/swagger-resources'], []
2019-10-09 16:32:47.136  INFO 17572 --- [main] o.s.s.web.DefaultSecurityFilterChain     : Creating filter chain: Ant [pattern='/configuration/security'], []
2019-10-09 16:32:47.136  INFO 17572 --- [main] o.s.s.web.DefaultSecurityFilterChain     : Creating filter chain: Ant [pattern='/swagger-ui.html'], []
2019-10-09 16:32:47.136  INFO 17572 --- [main] o.s.s.web.DefaultSecurityFilterChain     : Creating filter chain: Ant [pattern='/webjars/**'], []
2019-10-09 16:32:47.136  INFO 17572 --- [main] o.s.s.web.DefaultSecurityFilterChain     : Creating filter chain: Ant [pattern='/v1/student/**'], []
2019-10-09 16:32:47.204  INFO 17572 --- [main] o.s.s.web.DefaultSecurityFilterChain     : Creating filter chain: any request, [org.springframework.security.web.context.request.async.WebAsyncManagerIntegrationFilter@5e25085, org.springframework.security.web.context.SecurityContextPersistenceFilter@3976910, org.springframework.security.web.header.HeaderWriterFilter@7b38db21, org.springframework.web.filter.CorsFilter@758655a9, org.springframework.security.web.authentication.logout.LogoutFilter@138d978e, com.sms.security.JWTAuthenticationFilter@2c7c898a, org.springframework.security.web.savedrequest.RequestCacheAwareFilter@19bbb216, org.springframework.security.web.servletapi.SecurityContextHolderAwareRequestFilter@5b0d480c, org.springframework.security.web.authentication.AnonymousAuthenticationFilter@458704ee, org.springframework.security.web.session.SessionManagementFilter@39b9dc35, org.springframework.security.web.access.ExceptionTranslationFilter@e76134d, org.springframework.security.web.access.intercept.FilterSecurityInterceptor@3d01b609]
2019-10-09 16:32:47.229  WARN 17572 --- [main] c.n.c.sources.URLConfigurationSource     : No URLs will be polled as dynamic configuration sources.
2019-10-09 16:32:47.229  INFO 17572 --- [main] c.n.c.sources.URLConfigurationSource     : To enable URLs as dynamic configuration sources, define System property archaius.configurationSource.additionalUrls or make config.properties available on classpath.
2019-10-09 16:32:47.323  INFO 17572 --- [main] o.s.s.concurrent.ThreadPoolTaskExecutor  : Initializing ExecutorService 'applicationTaskExecutor'
2019-10-09 16:32:48.657  INFO 17572 --- [main] o.s.c.n.eureka.InstanceInfoFactory       : Setting initial instance status as: STARTING
2019-10-09 16:32:48.688  INFO 17572 --- [main] com.netflix.discovery.DiscoveryClient    : Initializing Eureka in region us-east-1
2019-10-09 16:32:48.725  INFO 17572 --- [main] c.n.d.provider.DiscoveryJerseyProvider   : Using JSON encoding codec LegacyJacksonJson
2019-10-09 16:32:48.726  INFO 17572 --- [main] c.n.d.provider.DiscoveryJerseyProvider   : Using JSON decoding codec LegacyJacksonJson
2019-10-09 16:32:48.808  INFO 17572 --- [main] c.n.d.provider.DiscoveryJerseyProvider   : Using XML encoding codec XStreamXml
2019-10-09 16:32:48.809  INFO 17572 --- [main] c.n.d.provider.DiscoveryJerseyProvider   : Using XML decoding codec XStreamXml
2019-10-09 16:32:48.938  INFO 17572 --- [main] c.n.d.s.r.aws.ConfigClusterResolver      : Resolving eureka endpoints via configuration
2019-10-09 16:32:49.036  INFO 17572 --- [main] com.netflix.discovery.DiscoveryClient    : Disable delta property : false
2019-10-09 16:32:49.036  INFO 17572 --- [main] com.netflix.discovery.DiscoveryClient    : Single vip registry refresh property : null
2019-10-09 16:32:49.037  INFO 17572 --- [main] com.netflix.discovery.DiscoveryClient    : Force full registry fetch : false
2019-10-09 16:32:49.037  INFO 17572 --- [main] com.netflix.discovery.DiscoveryClient    : Application is null : false
2019-10-09 16:32:49.037  INFO 17572 --- [main] com.netflix.discovery.DiscoveryClient    : Registered Applications size is zero : true
2019-10-09 16:32:49.037  INFO 17572 --- [main] com.netflix.discovery.DiscoveryClient    : Application version is -1: true
2019-10-09 16:32:49.037  INFO 17572 --- [main] com.netflix.discovery.DiscoveryClient    : Getting all instance registry info from the eureka server
2019-10-09 16:32:49.120  INFO 17572 --- [main] com.netflix.discovery.DiscoveryClient    : The response status is 200
2019-10-09 16:32:49.122  INFO 17572 --- [main] com.netflix.discovery.DiscoveryClient    : Starting heartbeat executor: renew interval is: 5
2019-10-09 16:32:49.124  INFO 17572 --- [main] c.n.discovery.InstanceInfoReplicator     : InstanceInfoReplicator onDemand update allowed rate per min is 4
2019-10-09 16:32:49.127  INFO 17572 --- [main] com.netflix.discovery.DiscoveryClient    : Discovery Client initialized at timestamp 1570618969126 with initial instances count: 1
2019-10-09 16:32:49.135  INFO 17572 --- [main] o.s.c.n.e.s.EurekaServiceRegistry        : Registering application STUDENT-SERVICE with eureka with status UP
2019-10-09 16:32:49.135  INFO 17572 --- [main] com.netflix.discovery.DiscoveryClient    : Saw local status change event StatusChangeEvent [timestamp=1570618969135, current=UP, previous=STARTING]
2019-10-09 16:32:49.136  WARN 17572 --- [main] c.n.discovery.InstanceInfoReplicator     : Ignoring onDemand update due to rate limiter
2019-10-09 16:32:49.147  INFO 17572 --- [main] d.s.w.p.DocumentationPluginsBootstrapper : Context refreshed
2019-10-09 16:32:49.161  INFO 17572 --- [main] d.s.w.p.DocumentationPluginsBootstrapper : Found 1 custom documentation plugin(s)
2019-10-09 16:32:49.166  INFO 17572 --- [DiscoveryClient-InstanceInfoReplicator-0] c.c.c.ConfigServicePropertySourceLocator : Fetching config from server at : http://localhost:8888
2019-10-09 16:32:49.172  INFO 17572 --- [main] s.d.s.w.s.ApiListingReferenceScanner     : Scanning for api listing references
2019-10-09 16:32:49.342  INFO 17572 --- [main] o.s.b.w.embedded.tomcat.TomcatWebServer  : Tomcat started on port(s): 8192 (http) with context path ''
2019-10-09 16:32:49.343  INFO 17572 --- [main] .s.c.n.e.s.EurekaAutoServiceRegistration : Updating port to 8192
2019-10-09 16:32:49.344  INFO 17572 --- [main] com.sms.StudentServiceApplication        : Started StudentServiceApplication in 38.024 seconds (JVM running for 38.611)
2019-10-09 16:32:50.290  INFO 17572 --- [DiscoveryClient-InstanceInfoReplicator-0] c.c.c.ConfigServicePropertySourceLocator : Located environment: name=student-service, profiles=[development], label=null, version=b7ce072a2496625be3aa9d268ec5930f4eea4286, state=null
2019-10-09 16:32:50.293  INFO 17572 --- [DiscoveryClient-InstanceInfoReplicator-0] com.netflix.discovery.DiscoveryClient    : DiscoveryClient_STUDENT-SERVICE/BOLD-AnchalM.LCINDIA.LOCAL:student-service:8192: registering service...
2019-10-09 16:32:50.321  INFO 17572 --- [DiscoveryClient-InstanceInfoReplicator-0] com.netflix.discovery.DiscoveryClient    : DiscoveryClient_STUDENT-SERVICE/BOLD-AnchalM.LCINDIA.LOCAL:student-service:8192 - registration status: 204
2019-10-09 16:34:46.793  INFO 17572 --- [http-nio-8192-exec-1] o.a.c.c.C.[Tomcat].[localhost].[/]       : Initializing Spring DispatcherServlet 'dispatcherServlet'
2019-10-09 16:34:46.794  INFO 17572 --- [http-nio-8192-exec-1] o.s.web.servlet.DispatcherServlet        : Initializing Servlet 'dispatcherServlet'
2019-10-09 16:34:46.828  INFO 17572 --- [http-nio-8192-exec-1] o.s.web.servlet.DispatcherServlet        : Completed initialization in 34 ms
2019-10-09 16:34:46.854 ERROR 17572 --- [http-nio-8192-exec-1] c.sms.security.JWTAuthenticationFilter   : Could Not extract bearer token from request
2019-10-09 16:34:46.968 ERROR 17572 --- [http-nio-8192-exec-2] c.sms.security.JWTAuthenticationFilter   : Could Not extract bearer token from request
2019-10-09 16:34:46.971 ERROR 17572 --- [http-nio-8192-exec-3] c.sms.security.JWTAuthenticationFilter   : Could Not extract bearer token from request
2019-10-09 16:34:46.971 ERROR 17572 --- [http-nio-8192-exec-5] c.sms.security.JWTAuthenticationFilter   : Could Not extract bearer token from request
2019-10-09 16:34:46.973 ERROR 17572 --- [http-nio-8192-exec-4] c.sms.security.JWTAuthenticationFilter   : Could Not extract bearer token from request
2019-10-09 16:34:47.061 ERROR 17572 --- [http-nio-8192-exec-1] c.sms.security.JWTAuthenticationFilter   : Could Not extract bearer token from request
2019-10-09 16:34:47.085 ERROR 17572 --- [http-nio-8192-exec-6] c.sms.security.JWTAuthenticationFilter   : Could Not extract bearer token from request
2019-10-09 16:34:47.252 ERROR 17572 --- [http-nio-8192-exec-10] c.sms.security.JWTAuthenticationFilter   : Could Not extract bearer token from request
2019-10-09 16:34:47.252 ERROR 17572 --- [http-nio-8192-exec-8] c.sms.security.JWTAuthenticationFilter   : Could Not extract bearer token from request
2019-10-09 16:34:47.252 ERROR 17572 --- [http-nio-8192-exec-7] c.sms.security.JWTAuthenticationFilter   : Could Not extract bearer token from request
2019-10-09 16:34:47.316 ERROR 17572 --- [http-nio-8192-exec-9] c.sms.security.JWTAuthenticationFilter   : Could Not extract bearer token from request
2019-10-09 16:34:47.316 ERROR 17572 --- [http-nio-8192-exec-4] c.sms.security.JWTAuthenticationFilter   : Could Not extract bearer token from request
2019-10-09 16:34:47.319 ERROR 17572 --- [http-nio-8192-exec-2] c.sms.security.JWTAuthenticationFilter   : Could Not extract bearer token from request
2019-10-09 16:34:47.321 ERROR 17572 --- [http-nio-8192-exec-1] c.sms.security.JWTAuthenticationFilter   : Could Not extract bearer token from request
2019-10-09 16:34:47.321 ERROR 17572 --- [http-nio-8192-exec-3] c.sms.security.JWTAuthenticationFilter   : Could Not extract bearer token from request
2019-10-09 16:34:47.355 ERROR 17572 --- [http-nio-8192-exec-6] c.sms.security.JWTAuthenticationFilter   : Could Not extract bearer token from request
2019-10-09 16:34:47.368 ERROR 17572 --- [http-nio-8192-exec-5] c.sms.security.JWTAuthenticationFilter   : Could Not extract bearer token from request
2019-10-09 16:34:47.372 ERROR 17572 --- [http-nio-8192-exec-8] c.sms.security.JWTAuthenticationFilter   : Could Not extract bearer token from request
2019-10-09 16:34:47.448 ERROR 17572 --- [http-nio-8192-exec-10] c.sms.security.JWTAuthenticationFilter   : Could Not extract bearer token from request
2019-10-09 16:34:47.521 ERROR 17572 --- [http-nio-8192-exec-7] c.sms.security.JWTAuthenticationFilter   : Could Not extract bearer token from request
2019-10-09 16:34:47.522 ERROR 17572 --- [http-nio-8192-exec-1] c.sms.security.JWTAuthenticationFilter   : Could Not extract bearer token from request
2019-10-09 16:34:47.522 ERROR 17572 --- [http-nio-8192-exec-9] c.sms.security.JWTAuthenticationFilter   : Could Not extract bearer token from request
2019-10-09 16:34:47.623 ERROR 17572 --- [http-nio-8192-exec-2] c.sms.security.JWTAuthenticationFilter   : Could Not extract bearer token from request
2019-10-09 16:34:47.648 ERROR 17572 --- [http-nio-8192-exec-6] c.sms.security.JWTAuthenticationFilter   : Could Not extract bearer token from request
2019-10-09 16:34:47.655 ERROR 17572 --- [http-nio-8192-exec-3] c.sms.security.JWTAuthenticationFilter   : Could Not extract bearer token from request
2019-10-09 16:34:47.694 ERROR 17572 --- [http-nio-8192-exec-4] c.sms.security.JWTAuthenticationFilter   : Could Not extract bearer token from request
2019-10-09 16:34:47.838 ERROR 17572 --- [http-nio-8192-exec-5] c.sms.security.JWTAuthenticationFilter   : Could Not extract bearer token from request
2019-10-09 16:35:01.207 ERROR 17572 --- [http-nio-8192-exec-6] c.sms.security.JWTAuthenticationFilter   : Could Not extract bearer token from request
2019-10-09 16:37:04.006  INFO 17572 --- [http-nio-8192-exec-3] c.sms.security.JWTAuthenticationFilter   : Bearer Token Passed:eyJhbGciOiJIUzUxMiJ9.eyJzdWIiOiIxIiwiYXV0aCI6eyJpZCI6MSwibmFtZSI6IkFuY2hhbCBNYXRodXIiLCJ1c2VybmFtZSI6ImFtYXRodXIyIiwiYXV0aG9yaXRpZXMiOlt7ImF1dGhvcml0eSI6IlJPTEVfVEVBQ0hFUiJ9XSwiZW5hYmxlZCI6dHJ1ZSwiYWNjb3VudE5vbkV4cGlyZWQiOnRydWUsImFjY291bnROb25Mb2NrZWQiOnRydWUsImNyZWRlbnRpYWxzTm9uRXhwaXJlZCI6dHJ1ZX0sImlhdCI6MTU3MDYxOTE5NywiZXhwIjoxNTcxMjIzOTk2fQ.HqBhjkKckB-uAPCGA1kjh2rYEpGsL5A6ttZ4SdpElu1rqK91H_ZZFTpa64hx_H8VFk9Yaf4WzmPiXwMZOqiqlA
2019-10-09 16:37:04.192  INFO 17572 --- [http-nio-8192-exec-3] com.sms.security.JwtTokenProvider        : Parsed UserId:1
2019-10-09 16:37:42.482 ERROR 17572 --- [http-nio-8192-exec-5] c.sms.security.JWTAuthenticationFilter   : Could Not extract bearer token from request
2019-10-09 16:37:49.043  INFO 17572 --- [AsyncResolver-bootstrap-executor-0] c.n.d.s.r.aws.ConfigClusterResolver      : Resolving eureka endpoints via configuration
2019-10-09 16:37:50.423  INFO 17572 --- [DiscoveryClient-InstanceInfoReplicator-0] c.c.c.ConfigServicePropertySourceLocator : Fetching config from server at : http://localhost:8888
2019-10-09 16:37:51.638  INFO 17572 --- [DiscoveryClient-InstanceInfoReplicator-0] c.c.c.ConfigServicePropertySourceLocator : Located environment: name=student-service, profiles=[development], label=null, version=b7ce072a2496625be3aa9d268ec5930f4eea4286, state=null
2019-10-09 16:38:20.463 ERROR 17572 --- [http-nio-8192-exec-1] c.sms.security.JWTAuthenticationFilter   : Could Not extract bearer token from request
2019-10-09 16:38:29.579 ERROR 17572 --- [http-nio-8192-exec-2] c.sms.security.JWTAuthenticationFilter   : Could Not extract bearer token from request
2019-10-09 16:38:30.495 ERROR 17572 --- [http-nio-8192-exec-9] c.sms.security.JWTAuthenticationFilter   : Could Not extract bearer token from request
2019-10-09 16:38:30.995 ERROR 17572 --- [http-nio-8192-exec-6] c.sms.security.JWTAuthenticationFilter   : Could Not extract bearer token from request
2019-10-09 16:38:31.553 ERROR 17572 --- [http-nio-8192-exec-4] c.sms.security.JWTAuthenticationFilter   : Could Not extract bearer token from request
2019-10-09 16:38:48.561 ERROR 17572 --- [http-nio-8192-exec-5] c.sms.security.JWTAuthenticationFilter   : Could Not extract bearer token from request
2019-10-09 16:39:15.376  INFO 17572 --- [http-nio-8192-exec-8] c.sms.security.JWTAuthenticationFilter   : Bearer Token Passed:eyJhbGciOiJIUzUxMiJ9.eyJzdWIiOiIxIiwiYXV0aCI6eyJpZCI6MSwibmFtZSI6IkFuY2hhbCBNYXRodXIiLCJ1c2VybmFtZSI6ImFtYXRodXIyIiwiYXV0aG9yaXRpZXMiOlt7ImF1dGhvcml0eSI6IlJPTEVfVEVBQ0hFUiJ9XSwiZW5hYmxlZCI6dHJ1ZSwiYWNjb3VudE5vbkV4cGlyZWQiOnRydWUsImFjY291bnROb25Mb2NrZWQiOnRydWUsImNyZWRlbnRpYWxzTm9uRXhwaXJlZCI6dHJ1ZX0sImlhdCI6MTU3MDYxOTE5NywiZXhwIjoxNTcxMjIzOTk2fQ.HqBhjkKckB-uAPCGA1kjh2rYEpGsL5A6ttZ4SdpElu1rqK91H_ZZFTpa64hx_H8VFk9Yaf4WzmPiXwMZOqiqlA
2019-10-09 16:39:15.384  INFO 17572 --- [http-nio-8192-exec-8] com.sms.security.JwtTokenProvider        : Parsed UserId:1
2019-10-09 16:39:22.479 ERROR 17572 --- [http-nio-8192-exec-1] c.sms.security.JWTAuthenticationFilter   : Could Not extract bearer token from request
2019-10-09 16:39:31.702 ERROR 17572 --- [http-nio-8192-exec-10] c.sms.security.JWTAuthenticationFilter   : Could Not extract bearer token from request
2019-10-09 16:39:33.774 ERROR 17572 --- [http-nio-8192-exec-2] c.sms.security.JWTAuthenticationFilter   : Could Not extract bearer token from request
2019-10-09 16:39:37.903 ERROR 17572 --- [http-nio-8192-exec-6] c.sms.security.JWTAuthenticationFilter   : Could Not extract bearer token from request
2019-10-09 16:39:50.297 ERROR 17572 --- [http-nio-8192-exec-3] c.sms.security.JWTAuthenticationFilter   : Could Not extract bearer token from request
2019-10-09 16:42:49.049  INFO 17572 --- [AsyncResolver-bootstrap-executor-0] c.n.d.s.r.aws.ConfigClusterResolver      : Resolving eureka endpoints via configuration
2019-10-09 16:42:51.721  INFO 17572 --- [DiscoveryClient-InstanceInfoReplicator-0] c.c.c.ConfigServicePropertySourceLocator : Fetching config from server at : http://localhost:8888
2019-10-09 16:42:52.678  INFO 17572 --- [DiscoveryClient-InstanceInfoReplicator-0] c.c.c.ConfigServicePropertySourceLocator : Located environment: name=student-service, profiles=[development], label=null, version=b7ce072a2496625be3aa9d268ec5930f4eea4286, state=null
2019-10-09 16:47:30.845  INFO 17572 --- [DiscoveryClient-HeartbeatExecutor-0] com.netflix.discovery.DiscoveryClient    : DiscoveryClient_STUDENT-SERVICE/BOLD-AnchalM.LCINDIA.LOCAL:student-service:8192 - Re-registering apps/STUDENT-SERVICE
2019-10-09 16:47:30.846  INFO 17572 --- [DiscoveryClient-HeartbeatExecutor-0] com.netflix.discovery.DiscoveryClient    : DiscoveryClient_STUDENT-SERVICE/BOLD-AnchalM.LCINDIA.LOCAL:student-service:8192: registering service...
2019-10-09 16:47:30.854  INFO 17572 --- [DiscoveryClient-HeartbeatExecutor-0] com.netflix.discovery.DiscoveryClient    : DiscoveryClient_STUDENT-SERVICE/BOLD-AnchalM.LCINDIA.LOCAL:student-service:8192 - registration status: 204
2019-10-09 16:47:49.055  INFO 17572 --- [AsyncResolver-bootstrap-executor-0] c.n.d.s.r.aws.ConfigClusterResolver      : Resolving eureka endpoints via configuration
2019-10-09 16:47:52.772  INFO 17572 --- [DiscoveryClient-InstanceInfoReplicator-0] c.c.c.ConfigServicePropertySourceLocator : Fetching config from server at : http://localhost:8888
2019-10-09 16:47:53.827  INFO 17572 --- [DiscoveryClient-InstanceInfoReplicator-0] c.c.c.ConfigServicePropertySourceLocator : Located environment: name=student-service, profiles=[development], label=null, version=b7ce072a2496625be3aa9d268ec5930f4eea4286, state=null
2019-10-09 16:48:30.983  INFO 17572 --- [DiscoveryClient-HeartbeatExecutor-0] com.netflix.discovery.DiscoveryClient    : DiscoveryClient_STUDENT-SERVICE/BOLD-AnchalM.LCINDIA.LOCAL:student-service:8192 - Re-registering apps/STUDENT-SERVICE
2019-10-09 16:48:30.983  INFO 17572 --- [DiscoveryClient-HeartbeatExecutor-0] com.netflix.discovery.DiscoveryClient    : DiscoveryClient_STUDENT-SERVICE/BOLD-AnchalM.LCINDIA.LOCAL:student-service:8192: registering service...
2019-10-09 16:48:30.992  INFO 17572 --- [DiscoveryClient-HeartbeatExecutor-0] com.netflix.discovery.DiscoveryClient    : DiscoveryClient_STUDENT-SERVICE/BOLD-AnchalM.LCINDIA.LOCAL:student-service:8192 - registration status: 204
2019-10-09 16:49:31.100  INFO 17572 --- [DiscoveryClient-HeartbeatExecutor-0] com.netflix.discovery.DiscoveryClient    : DiscoveryClient_STUDENT-SERVICE/BOLD-AnchalM.LCINDIA.LOCAL:student-service:8192 - Re-registering apps/STUDENT-SERVICE
2019-10-09 16:49:31.100  INFO 17572 --- [DiscoveryClient-HeartbeatExecutor-0] com.netflix.discovery.DiscoveryClient    : DiscoveryClient_STUDENT-SERVICE/BOLD-AnchalM.LCINDIA.LOCAL:student-service:8192: registering service...
2019-10-09 16:49:31.108  INFO 17572 --- [DiscoveryClient-HeartbeatExecutor-0] com.netflix.discovery.DiscoveryClient    : DiscoveryClient_STUDENT-SERVICE/BOLD-AnchalM.LCINDIA.LOCAL:student-service:8192 - registration status: 204
2019-10-09 16:50:31.255  INFO 17572 --- [DiscoveryClient-HeartbeatExecutor-0] com.netflix.discovery.DiscoveryClient    : DiscoveryClient_STUDENT-SERVICE/BOLD-AnchalM.LCINDIA.LOCAL:student-service:8192 - Re-registering apps/STUDENT-SERVICE
2019-10-09 16:50:31.255  INFO 17572 --- [DiscoveryClient-HeartbeatExecutor-0] com.netflix.discovery.DiscoveryClient    : DiscoveryClient_STUDENT-SERVICE/BOLD-AnchalM.LCINDIA.LOCAL:student-service:8192: registering service...
2019-10-09 16:50:31.259  INFO 17572 --- [DiscoveryClient-HeartbeatExecutor-0] com.netflix.discovery.DiscoveryClient    : DiscoveryClient_STUDENT-SERVICE/BOLD-AnchalM.LCINDIA.LOCAL:student-service:8192 - registration status: 204
2019-10-09 16:51:31.405  INFO 17572 --- [DiscoveryClient-HeartbeatExecutor-0] com.netflix.discovery.DiscoveryClient    : DiscoveryClient_STUDENT-SERVICE/BOLD-AnchalM.LCINDIA.LOCAL:student-service:8192 - Re-registering apps/STUDENT-SERVICE
2019-10-09 16:51:31.406  INFO 17572 --- [DiscoveryClient-HeartbeatExecutor-0] com.netflix.discovery.DiscoveryClient    : DiscoveryClient_STUDENT-SERVICE/BOLD-AnchalM.LCINDIA.LOCAL:student-service:8192: registering service...
2019-10-09 16:51:31.415  INFO 17572 --- [DiscoveryClient-HeartbeatExecutor-0] com.netflix.discovery.DiscoveryClient    : DiscoveryClient_STUDENT-SERVICE/BOLD-AnchalM.LCINDIA.LOCAL:student-service:8192 - registration status: 204
2019-10-09 16:52:31.546  INFO 17572 --- [DiscoveryClient-HeartbeatExecutor-0] com.netflix.discovery.DiscoveryClient    : DiscoveryClient_STUDENT-SERVICE/BOLD-AnchalM.LCINDIA.LOCAL:student-service:8192 - Re-registering apps/STUDENT-SERVICE
2019-10-09 16:52:31.546  INFO 17572 --- [DiscoveryClient-HeartbeatExecutor-0] com.netflix.discovery.DiscoveryClient    : DiscoveryClient_STUDENT-SERVICE/BOLD-AnchalM.LCINDIA.LOCAL:student-service:8192: registering service...
2019-10-09 16:52:31.551  INFO 17572 --- [DiscoveryClient-HeartbeatExecutor-0] com.netflix.discovery.DiscoveryClient    : DiscoveryClient_STUDENT-SERVICE/BOLD-AnchalM.LCINDIA.LOCAL:student-service:8192 - registration status: 204
2019-10-09 16:52:49.061  INFO 17572 --- [AsyncResolver-bootstrap-executor-0] c.n.d.s.r.aws.ConfigClusterResolver      : Resolving eureka endpoints via configuration
2019-10-09 16:52:53.938  INFO 17572 --- [DiscoveryClient-InstanceInfoReplicator-0] c.c.c.ConfigServicePropertySourceLocator : Fetching config from server at : http://localhost:8888
2019-10-09 16:52:54.943  INFO 17572 --- [DiscoveryClient-InstanceInfoReplicator-0] c.c.c.ConfigServicePropertySourceLocator : Located environment: name=student-service, profiles=[development], label=null, version=b7ce072a2496625be3aa9d268ec5930f4eea4286, state=null
2019-10-09 16:53:31.623  INFO 17572 --- [DiscoveryClient-HeartbeatExecutor-0] com.netflix.discovery.DiscoveryClient    : DiscoveryClient_STUDENT-SERVICE/BOLD-AnchalM.LCINDIA.LOCAL:student-service:8192 - Re-registering apps/STUDENT-SERVICE
2019-10-09 16:53:31.623  INFO 17572 --- [DiscoveryClient-HeartbeatExecutor-0] com.netflix.discovery.DiscoveryClient    : DiscoveryClient_STUDENT-SERVICE/BOLD-AnchalM.LCINDIA.LOCAL:student-service:8192: registering service...
2019-10-09 16:53:31.627  INFO 17572 --- [DiscoveryClient-HeartbeatExecutor-0] com.netflix.discovery.DiscoveryClient    : DiscoveryClient_STUDENT-SERVICE/BOLD-AnchalM.LCINDIA.LOCAL:student-service:8192 - registration status: 204
2019-10-09 16:54:31.699  INFO 17572 --- [DiscoveryClient-HeartbeatExecutor-0] com.netflix.discovery.DiscoveryClient    : DiscoveryClient_STUDENT-SERVICE/BOLD-AnchalM.LCINDIA.LOCAL:student-service:8192 - Re-registering apps/STUDENT-SERVICE
2019-10-09 16:54:31.699  INFO 17572 --- [DiscoveryClient-HeartbeatExecutor-0] com.netflix.discovery.DiscoveryClient    : DiscoveryClient_STUDENT-SERVICE/BOLD-AnchalM.LCINDIA.LOCAL:student-service:8192: registering service...
2019-10-09 16:54:31.704  INFO 17572 --- [DiscoveryClient-HeartbeatExecutor-0] com.netflix.discovery.DiscoveryClient    : DiscoveryClient_STUDENT-SERVICE/BOLD-AnchalM.LCINDIA.LOCAL:student-service:8192 - registration status: 204
2019-10-09 16:57:49.067  INFO 17572 --- [AsyncResolver-bootstrap-executor-0] c.n.d.s.r.aws.ConfigClusterResolver      : Resolving eureka endpoints via configuration
2019-10-09 16:57:55.051  INFO 17572 --- [DiscoveryClient-InstanceInfoReplicator-0] c.c.c.ConfigServicePropertySourceLocator : Fetching config from server at : http://localhost:8888
2019-10-09 16:57:57.113  INFO 17572 --- [DiscoveryClient-InstanceInfoReplicator-0] c.c.c.ConfigServicePropertySourceLocator : Located environment: name=student-service, profiles=[development], label=null, version=b7ce072a2496625be3aa9d268ec5930f4eea4286, state=null
2019-10-09 17:02:49.072  INFO 17572 --- [AsyncResolver-bootstrap-executor-0] c.n.d.s.r.aws.ConfigClusterResolver      : Resolving eureka endpoints via configuration
2019-10-09 17:02:57.243  INFO 17572 --- [DiscoveryClient-InstanceInfoReplicator-0] c.c.c.ConfigServicePropertySourceLocator : Fetching config from server at : http://localhost:8888
2019-10-09 17:02:58.439  INFO 17572 --- [DiscoveryClient-InstanceInfoReplicator-0] c.c.c.ConfigServicePropertySourceLocator : Located environment: name=student-service, profiles=[development], label=null, version=b7ce072a2496625be3aa9d268ec5930f4eea4286, state=null
2019-10-09 17:07:49.078  INFO 17572 --- [AsyncResolver-bootstrap-executor-0] c.n.d.s.r.aws.ConfigClusterResolver      : Resolving eureka endpoints via configuration
2019-10-09 17:07:58.519  INFO 17572 --- [DiscoveryClient-InstanceInfoReplicator-0] c.c.c.ConfigServicePropertySourceLocator : Fetching config from server at : http://localhost:8888
2019-10-09 17:07:59.424  INFO 17572 --- [DiscoveryClient-InstanceInfoReplicator-0] c.c.c.ConfigServicePropertySourceLocator : Located environment: name=student-service, profiles=[development], label=null, version=b7ce072a2496625be3aa9d268ec5930f4eea4286, state=null
2019-10-09 17:11:13.242  INFO 17572 --- [RMI TCP Connection(55)-127.0.0.1] inMXBeanRegistrar$SpringApplicationAdmin : Application shutdown requested.
2019-10-09 17:11:13.243  INFO 17572 --- [RMI TCP Connection(55)-127.0.0.1] o.s.c.n.e.s.EurekaServiceRegistry        : Unregistering application STUDENT-SERVICE with eureka with status DOWN
2019-10-09 17:11:13.243  WARN 17572 --- [RMI TCP Connection(55)-127.0.0.1] com.netflix.discovery.DiscoveryClient    : Saw local status change event StatusChangeEvent [timestamp=1570621273243, current=DOWN, previous=UP]
2019-10-09 17:11:13.250  WARN 17572 --- [DiscoveryClient-InstanceInfoReplicator-0] com.netflix.discovery.DiscoveryClient    : Saw local status change event StatusChangeEvent [timestamp=1570621273250, current=UP, previous=DOWN]
2019-10-09 17:11:13.250  INFO 17572 --- [DiscoveryClient-InstanceInfoReplicator-0] com.netflix.discovery.DiscoveryClient    : DiscoveryClient_STUDENT-SERVICE/BOLD-AnchalM.LCINDIA.LOCAL:student-service:8192: registering service...
2019-10-09 17:11:13.258  INFO 17572 --- [RMI TCP Connection(55)-127.0.0.1] o.s.s.concurrent.ThreadPoolTaskExecutor  : Shutting down ExecutorService 'applicationTaskExecutor'
2019-10-09 17:11:13.261  INFO 17572 --- [DiscoveryClient-InstanceInfoReplicator-0] com.netflix.discovery.DiscoveryClient    : DiscoveryClient_STUDENT-SERVICE/BOLD-AnchalM.LCINDIA.LOCAL:student-service:8192 - registration status: 204
2019-10-09 17:11:13.340  INFO 17572 --- [RMI TCP Connection(55)-127.0.0.1] j.LocalContainerEntityManagerFactoryBean : Closing JPA EntityManagerFactory for persistence unit 'default'
2019-10-09 17:11:13.345  INFO 17572 --- [RMI TCP Connection(55)-127.0.0.1] com.netflix.discovery.DiscoveryClient    : Shutting down DiscoveryClient ...
2019-10-09 17:11:16.347  INFO 17572 --- [RMI TCP Connection(55)-127.0.0.1] com.netflix.discovery.DiscoveryClient    : Unregistering ...
2019-10-09 17:11:16.365  INFO 17572 --- [RMI TCP Connection(55)-127.0.0.1] com.netflix.discovery.DiscoveryClient    : DiscoveryClient_STUDENT-SERVICE/BOLD-AnchalM.LCINDIA.LOCAL:student-service:8192 - deregister  status: 200
2019-10-09 17:11:16.911  INFO 17572 --- [RMI TCP Connection(55)-127.0.0.1] com.netflix.discovery.DiscoveryClient    : Completed shut down of DiscoveryClient
2019-10-09 17:11:16.911  INFO 17572 --- [RMI TCP Connection(55)-127.0.0.1] com.zaxxer.hikari.HikariDataSource       : HikariPool-1 - Shutdown initiated...
2019-10-09 17:11:16.916  INFO 17572 --- [RMI TCP Connection(55)-127.0.0.1] com.zaxxer.hikari.HikariDataSource       : HikariPool-1 - Shutdown completed.
2019-10-09 17:11:17.011  INFO 17572 --- [RMI TCP Connection(55)-127.0.0.1] o.apache.catalina.core.StandardService   : Stopping service [Tomcat]
2019-10-09 17:11:17.014  INFO 17572 --- [RMI TCP Connection(55)-127.0.0.1] o.a.c.c.C.[Tomcat].[localhost].[/]       : Destroying Spring FrameworkServlet 'dispatcherServlet'
